<?xml version="1.0" encoding="UTF-8"?>
<testsuite xmlns:xsi="http://www.w3.org/2001/XMLSchema-instance" xsi:noNamespaceSchemaLocation="https://maven.apache.org/surefire/maven-surefire-plugin/xsd/surefire-test-report-3.0.xsd" version="3.0" name="com.hmall.service.impl.ItemServiceImplTest" time="2.929" tests="2" errors="2" skipped="0" failures="0">
  <properties>
    <property name="java.specification.version" value="21"/>
    <property name="sun.cpu.isalist" value="amd64"/>
    <property name="sun.jnu.encoding" value="GBK"/>
    <property name="java.class.path" value="D:\CodingFiles\Java\SpringCloud\hmall\hm-service\target\test-classes;D:\CodingFiles\Java\SpringCloud\hmall\hm-service\target\classes;D:\CodeEnvironment\Maven\apache-maven-3.9.11\mvn_repo\com\heima\hm-common\1.0.0\hm-common-1.0.0.jar;D:\CodeEnvironment\Maven\apache-maven-3.9.11\mvn_repo\org\apache\commons\commons-pool2\2.12.0\commons-pool2-2.12.0.jar;D:\CodeEnvironment\Maven\apache-maven-3.9.11\mvn_repo\cn\hutool\hutool-all\5.8.26\hutool-all-5.8.26.jar;D:\CodeEnvironment\Maven\apache-maven-3.9.11\mvn_repo\org\springframework\boot\spring-boot-starter-logging\3.2.10\spring-boot-starter-logging-3.2.10.jar;D:\CodeEnvironment\Maven\apache-maven-3.9.11\mvn_repo\ch\qos\logback\logback-classic\1.4.14\logback-classic-1.4.14.jar;D:\CodeEnvironment\Maven\apache-maven-3.9.11\mvn_repo\ch\qos\logback\logback-core\1.4.14\logback-core-1.4.14.jar;D:\CodeEnvironment\Maven\apache-maven-3.9.11\mvn_repo\org\apache\logging\log4j\log4j-to-slf4j\2.21.1\log4j-to-slf4j-2.21.1.jar;D:\CodeEnvironment\Maven\apache-maven-3.9.11\mvn_repo\org\apache\logging\log4j\log4j-api\2.21.1\log4j-api-2.21.1.jar;D:\CodeEnvironment\Maven\apache-maven-3.9.11\mvn_repo\org\slf4j\jul-to-slf4j\2.0.16\jul-to-slf4j-2.0.16.jar;D:\CodeEnvironment\Maven\apache-maven-3.9.11\mvn_repo\com\baomidou\mybatis-plus-boot-starter\3.5.9\mybatis-plus-boot-starter-3.5.9.jar;D:\CodeEnvironment\Maven\apache-maven-3.9.11\mvn_repo\com\baomidou\mybatis-plus-jsqlparser\3.5.9\mybatis-plus-jsqlparser-3.5.9.jar;D:\CodeEnvironment\Maven\apache-maven-3.9.11\mvn_repo\com\github\jsqlparser\jsqlparser\5.0\jsqlparser-5.0.jar;D:\CodeEnvironment\Maven\apache-maven-3.9.11\mvn_repo\com\baomidou\mybatis-plus-jsqlparser-common\3.5.9\mybatis-plus-jsqlparser-common-3.5.9.jar;D:\CodeEnvironment\Maven\apache-maven-3.9.11\mvn_repo\com\baomidou\mybatis-plus-extension\3.5.9\mybatis-plus-extension-3.5.9.jar;D:\CodeEnvironment\Maven\apache-maven-3.9.11\mvn_repo\org\hibernate\validator\hibernate-validator\8.0.1.Final\hibernate-validator-8.0.1.Final.jar;D:\CodeEnvironment\Maven\apache-maven-3.9.11\mvn_repo\org\jboss\logging\jboss-logging\3.5.3.Final\jboss-logging-3.5.3.Final.jar;D:\CodeEnvironment\Maven\apache-maven-3.9.11\mvn_repo\com\fasterxml\classmate\1.6.0\classmate-1.6.0.jar;D:\CodeEnvironment\Maven\apache-maven-3.9.11\mvn_repo\org\springframework\boot\spring-boot-autoconfigure\3.2.10\spring-boot-autoconfigure-3.2.10.jar;D:\CodeEnvironment\Maven\apache-maven-3.9.11\mvn_repo\org\springframework\boot\spring-boot\3.2.10\spring-boot-3.2.10.jar;D:\CodeEnvironment\Maven\apache-maven-3.9.11\mvn_repo\com\github\xiaoymin\knife4j-openapi3-jakarta-spring-boot-starter\4.5.0\knife4j-openapi3-jakarta-spring-boot-starter-4.5.0.jar;D:\CodeEnvironment\Maven\apache-maven-3.9.11\mvn_repo\com\github\xiaoymin\knife4j-core\4.5.0\knife4j-core-4.5.0.jar;D:\CodeEnvironment\Maven\apache-maven-3.9.11\mvn_repo\com\github\xiaoymin\knife4j-openapi3-ui\4.5.0\knife4j-openapi3-ui-4.5.0.jar;D:\CodeEnvironment\Maven\apache-maven-3.9.11\mvn_repo\org\springdoc\springdoc-openapi-starter-webmvc-ui\2.3.0\springdoc-openapi-starter-webmvc-ui-2.3.0.jar;D:\CodeEnvironment\Maven\apache-maven-3.9.11\mvn_repo\org\springdoc\springdoc-openapi-starter-webmvc-api\2.3.0\springdoc-openapi-starter-webmvc-api-2.3.0.jar;D:\CodeEnvironment\Maven\apache-maven-3.9.11\mvn_repo\org\springdoc\springdoc-openapi-starter-common\2.3.0\springdoc-openapi-starter-common-2.3.0.jar;D:\CodeEnvironment\Maven\apache-maven-3.9.11\mvn_repo\io\swagger\core\v3\swagger-core-jakarta\2.2.19\swagger-core-jakarta-2.2.19.jar;D:\CodeEnvironment\Maven\apache-maven-3.9.11\mvn_repo\org\apache\commons\commons-lang3\3.13.0\commons-lang3-3.13.0.jar;D:\CodeEnvironment\Maven\apache-maven-3.9.11\mvn_repo\io\swagger\core\v3\swagger-annotations-jakarta\2.2.19\swagger-annotations-jakarta-2.2.19.jar;D:\CodeEnvironment\Maven\apache-maven-3.9.11\mvn_repo\io\swagger\core\v3\swagger-models-jakarta\2.2.19\swagger-models-jakarta-2.2.19.jar;D:\CodeEnvironment\Maven\apache-maven-3.9.11\mvn_repo\com\fasterxml\jackson\dataformat\jackson-dataformat-yaml\2.15.4\jackson-dataformat-yaml-2.15.4.jar;D:\CodeEnvironment\Maven\apache-maven-3.9.11\mvn_repo\org\webjars\swagger-ui\5.10.3\swagger-ui-5.10.3.jar;D:\CodeEnvironment\Maven\apache-maven-3.9.11\mvn_repo\com\github\ben-manes\caffeine\caffeine\3.1.8\caffeine-3.1.8.jar;D:\CodeEnvironment\Maven\apache-maven-3.9.11\mvn_repo\org\checkerframework\checker-qual\3.37.0\checker-qual-3.37.0.jar;D:\CodeEnvironment\Maven\apache-maven-3.9.11\mvn_repo\com\google\errorprone\error_prone_annotations\2.21.1\error_prone_annotations-2.21.1.jar;D:\CodeEnvironment\Maven\apache-maven-3.9.11\mvn_repo\io\swagger\core\v3\swagger-annotations\2.2.8\swagger-annotations-2.2.8.jar;D:\CodeEnvironment\Maven\apache-maven-3.9.11\mvn_repo\org\springframework\boot\spring-boot-starter-web\3.2.10\spring-boot-starter-web-3.2.10.jar;D:\CodeEnvironment\Maven\apache-maven-3.9.11\mvn_repo\org\springframework\boot\spring-boot-starter\3.2.10\spring-boot-starter-3.2.10.jar;D:\CodeEnvironment\Maven\apache-maven-3.9.11\mvn_repo\jakarta\annotation\jakarta.annotation-api\2.1.1\jakarta.annotation-api-2.1.1.jar;D:\CodeEnvironment\Maven\apache-maven-3.9.11\mvn_repo\org\yaml\snakeyaml\2.2\snakeyaml-2.2.jar;D:\CodeEnvironment\Maven\apache-maven-3.9.11\mvn_repo\org\springframework\boot\spring-boot-starter-json\3.2.10\spring-boot-starter-json-3.2.10.jar;D:\CodeEnvironment\Maven\apache-maven-3.9.11\mvn_repo\com\fasterxml\jackson\core\jackson-databind\2.15.4\jackson-databind-2.15.4.jar;D:\CodeEnvironment\Maven\apache-maven-3.9.11\mvn_repo\com\fasterxml\jackson\core\jackson-annotations\2.15.4\jackson-annotations-2.15.4.jar;D:\CodeEnvironment\Maven\apache-maven-3.9.11\mvn_repo\com\fasterxml\jackson\datatype\jackson-datatype-jdk8\2.15.4\jackson-datatype-jdk8-2.15.4.jar;D:\CodeEnvironment\Maven\apache-maven-3.9.11\mvn_repo\com\fasterxml\jackson\datatype\jackson-datatype-jsr310\2.15.4\jackson-datatype-jsr310-2.15.4.jar;D:\CodeEnvironment\Maven\apache-maven-3.9.11\mvn_repo\com\fasterxml\jackson\module\jackson-module-parameter-names\2.15.4\jackson-module-parameter-names-2.15.4.jar;D:\CodeEnvironment\Maven\apache-maven-3.9.11\mvn_repo\org\springframework\boot\spring-boot-starter-tomcat\3.2.10\spring-boot-starter-tomcat-3.2.10.jar;D:\CodeEnvironment\Maven\apache-maven-3.9.11\mvn_repo\org\apache\tomcat\embed\tomcat-embed-core\10.1.30\tomcat-embed-core-10.1.30.jar;D:\CodeEnvironment\Maven\apache-maven-3.9.11\mvn_repo\org\apache\tomcat\embed\tomcat-embed-el\10.1.30\tomcat-embed-el-10.1.30.jar;D:\CodeEnvironment\Maven\apache-maven-3.9.11\mvn_repo\org\apache\tomcat\embed\tomcat-embed-websocket\10.1.30\tomcat-embed-websocket-10.1.30.jar;D:\CodeEnvironment\Maven\apache-maven-3.9.11\mvn_repo\org\springframework\spring-web\6.1.13\spring-web-6.1.13.jar;D:\CodeEnvironment\Maven\apache-maven-3.9.11\mvn_repo\org\springframework\spring-beans\6.1.13\spring-beans-6.1.13.jar;D:\CodeEnvironment\Maven\apache-maven-3.9.11\mvn_repo\io\micrometer\micrometer-observation\1.12.10\micrometer-observation-1.12.10.jar;D:\CodeEnvironment\Maven\apache-maven-3.9.11\mvn_repo\io\micrometer\micrometer-commons\1.12.10\micrometer-commons-1.12.10.jar;D:\CodeEnvironment\Maven\apache-maven-3.9.11\mvn_repo\org\springframework\spring-webmvc\6.1.13\spring-webmvc-6.1.13.jar;D:\CodeEnvironment\Maven\apache-maven-3.9.11\mvn_repo\org\springframework\spring-aop\6.1.13\spring-aop-6.1.13.jar;D:\CodeEnvironment\Maven\apache-maven-3.9.11\mvn_repo\org\springframework\spring-context\6.1.13\spring-context-6.1.13.jar;D:\CodeEnvironment\Maven\apache-maven-3.9.11\mvn_repo\org\springframework\spring-expression\6.1.13\spring-expression-6.1.13.jar;D:\CodeEnvironment\Maven\apache-maven-3.9.11\mvn_repo\org\springframework\security\spring-security-crypto\6.2.6\spring-security-crypto-6.2.6.jar;D:\CodeEnvironment\Maven\apache-maven-3.9.11\mvn_repo\org\springframework\security\spring-security-rsa\1.0.9.RELEASE\spring-security-rsa-1.0.9.RELEASE.jar;D:\CodeEnvironment\Maven\apache-maven-3.9.11\mvn_repo\org\bouncycastle\bcpkix-jdk15on\1.64\bcpkix-jdk15on-1.64.jar;D:\CodeEnvironment\Maven\apache-maven-3.9.11\mvn_repo\org\bouncycastle\bcprov-jdk15on\1.64\bcprov-jdk15on-1.64.jar;D:\CodeEnvironment\Maven\apache-maven-3.9.11\mvn_repo\com\mysql\mysql-connector-j\8.0.33\mysql-connector-j-8.0.33.jar;D:\CodeEnvironment\Maven\apache-maven-3.9.11\mvn_repo\com\google\protobuf\protobuf-java\3.21.9\protobuf-java-3.21.9.jar;D:\CodeEnvironment\Maven\apache-maven-3.9.11\mvn_repo\com\baomidou\mybatis-plus-spring-boot3-starter\3.5.9\mybatis-plus-spring-boot3-starter-3.5.9.jar;D:\CodeEnvironment\Maven\apache-maven-3.9.11\mvn_repo\com\baomidou\mybatis-plus\3.5.9\mybatis-plus-3.5.9.jar;D:\CodeEnvironment\Maven\apache-maven-3.9.11\mvn_repo\com\baomidou\mybatis-plus-core\3.5.9\mybatis-plus-core-3.5.9.jar;D:\CodeEnvironment\Maven\apache-maven-3.9.11\mvn_repo\com\baomidou\mybatis-plus-annotation\3.5.9\mybatis-plus-annotation-3.5.9.jar;D:\CodeEnvironment\Maven\apache-maven-3.9.11\mvn_repo\com\baomidou\mybatis-plus-spring\3.5.9\mybatis-plus-spring-3.5.9.jar;D:\CodeEnvironment\Maven\apache-maven-3.9.11\mvn_repo\org\mybatis\mybatis\3.5.16\mybatis-3.5.16.jar;D:\CodeEnvironment\Maven\apache-maven-3.9.11\mvn_repo\org\mybatis\mybatis-spring\3.0.4\mybatis-spring-3.0.4.jar;D:\CodeEnvironment\Maven\apache-maven-3.9.11\mvn_repo\com\baomidou\mybatis-plus-spring-boot-autoconfigure\3.5.9\mybatis-plus-spring-boot-autoconfigure-3.5.9.jar;D:\CodeEnvironment\Maven\apache-maven-3.9.11\mvn_repo\org\springframework\boot\spring-boot-starter-jdbc\3.2.10\spring-boot-starter-jdbc-3.2.10.jar;D:\CodeEnvironment\Maven\apache-maven-3.9.11\mvn_repo\com\zaxxer\HikariCP\5.0.1\HikariCP-5.0.1.jar;D:\CodeEnvironment\Maven\apache-maven-3.9.11\mvn_repo\org\springframework\spring-jdbc\6.1.13\spring-jdbc-6.1.13.jar;D:\CodeEnvironment\Maven\apache-maven-3.9.11\mvn_repo\org\springframework\boot\spring-boot-starter-test\3.2.10\spring-boot-starter-test-3.2.10.jar;D:\CodeEnvironment\Maven\apache-maven-3.9.11\mvn_repo\org\springframework\boot\spring-boot-test\3.2.10\spring-boot-test-3.2.10.jar;D:\CodeEnvironment\Maven\apache-maven-3.9.11\mvn_repo\org\springframework\boot\spring-boot-test-autoconfigure\3.2.10\spring-boot-test-autoconfigure-3.2.10.jar;D:\CodeEnvironment\Maven\apache-maven-3.9.11\mvn_repo\com\jayway\jsonpath\json-path\2.9.0\json-path-2.9.0.jar;D:\CodeEnvironment\Maven\apache-maven-3.9.11\mvn_repo\org\slf4j\slf4j-api\2.0.16\slf4j-api-2.0.16.jar;D:\CodeEnvironment\Maven\apache-maven-3.9.11\mvn_repo\jakarta\xml\bind\jakarta.xml.bind-api\4.0.2\jakarta.xml.bind-api-4.0.2.jar;D:\CodeEnvironment\Maven\apache-maven-3.9.11\mvn_repo\jakarta\activation\jakarta.activation-api\2.1.3\jakarta.activation-api-2.1.3.jar;D:\CodeEnvironment\Maven\apache-maven-3.9.11\mvn_repo\net\minidev\json-smart\2.5.1\json-smart-2.5.1.jar;D:\CodeEnvironment\Maven\apache-maven-3.9.11\mvn_repo\net\minidev\accessors-smart\2.5.1\accessors-smart-2.5.1.jar;D:\CodeEnvironment\Maven\apache-maven-3.9.11\mvn_repo\org\ow2\asm\asm\9.6\asm-9.6.jar;D:\CodeEnvironment\Maven\apache-maven-3.9.11\mvn_repo\org\assertj\assertj-core\3.24.2\assertj-core-3.24.2.jar;D:\CodeEnvironment\Maven\apache-maven-3.9.11\mvn_repo\net\bytebuddy\byte-buddy\1.14.19\byte-buddy-1.14.19.jar;D:\CodeEnvironment\Maven\apache-maven-3.9.11\mvn_repo\org\awaitility\awaitility\4.2.2\awaitility-4.2.2.jar;D:\CodeEnvironment\Maven\apache-maven-3.9.11\mvn_repo\org\hamcrest\hamcrest\2.2\hamcrest-2.2.jar;D:\CodeEnvironment\Maven\apache-maven-3.9.11\mvn_repo\org\junit\jupiter\junit-jupiter\5.10.3\junit-jupiter-5.10.3.jar;D:\CodeEnvironment\Maven\apache-maven-3.9.11\mvn_repo\org\junit\jupiter\junit-jupiter-api\5.10.3\junit-jupiter-api-5.10.3.jar;D:\CodeEnvironment\Maven\apache-maven-3.9.11\mvn_repo\org\opentest4j\opentest4j\1.3.0\opentest4j-1.3.0.jar;D:\CodeEnvironment\Maven\apache-maven-3.9.11\mvn_repo\org\junit\platform\junit-platform-commons\1.10.3\junit-platform-commons-1.10.3.jar;D:\CodeEnvironment\Maven\apache-maven-3.9.11\mvn_repo\org\apiguardian\apiguardian-api\1.1.2\apiguardian-api-1.1.2.jar;D:\CodeEnvironment\Maven\apache-maven-3.9.11\mvn_repo\org\junit\jupiter\junit-jupiter-params\5.10.3\junit-jupiter-params-5.10.3.jar;D:\CodeEnvironment\Maven\apache-maven-3.9.11\mvn_repo\org\junit\jupiter\junit-jupiter-engine\5.10.3\junit-jupiter-engine-5.10.3.jar;D:\CodeEnvironment\Maven\apache-maven-3.9.11\mvn_repo\org\junit\platform\junit-platform-engine\1.10.3\junit-platform-engine-1.10.3.jar;D:\CodeEnvironment\Maven\apache-maven-3.9.11\mvn_repo\org\mockito\mockito-core\5.7.0\mockito-core-5.7.0.jar;D:\CodeEnvironment\Maven\apache-maven-3.9.11\mvn_repo\net\bytebuddy\byte-buddy-agent\1.14.19\byte-buddy-agent-1.14.19.jar;D:\CodeEnvironment\Maven\apache-maven-3.9.11\mvn_repo\org\objenesis\objenesis\3.3\objenesis-3.3.jar;D:\CodeEnvironment\Maven\apache-maven-3.9.11\mvn_repo\org\mockito\mockito-junit-jupiter\5.7.0\mockito-junit-jupiter-5.7.0.jar;D:\CodeEnvironment\Maven\apache-maven-3.9.11\mvn_repo\org\skyscreamer\jsonassert\1.5.3\jsonassert-1.5.3.jar;D:\CodeEnvironment\Maven\apache-maven-3.9.11\mvn_repo\com\vaadin\external\google\android-json\0.0.20131108.vaadin1\android-json-0.0.20131108.vaadin1.jar;D:\CodeEnvironment\Maven\apache-maven-3.9.11\mvn_repo\org\springframework\spring-core\6.1.13\spring-core-6.1.13.jar;D:\CodeEnvironment\Maven\apache-maven-3.9.11\mvn_repo\org\springframework\spring-jcl\6.1.13\spring-jcl-6.1.13.jar;D:\CodeEnvironment\Maven\apache-maven-3.9.11\mvn_repo\org\springframework\spring-test\6.1.13\spring-test-6.1.13.jar;D:\CodeEnvironment\Maven\apache-maven-3.9.11\mvn_repo\org\xmlunit\xmlunit-core\2.9.1\xmlunit-core-2.9.1.jar;D:\CodeEnvironment\Maven\apache-maven-3.9.11\mvn_repo\org\springframework\boot\spring-boot-starter-data-redis\3.2.10\spring-boot-starter-data-redis-3.2.10.jar;D:\CodeEnvironment\Maven\apache-maven-3.9.11\mvn_repo\io\lettuce\lettuce-core\6.3.2.RELEASE\lettuce-core-6.3.2.RELEASE.jar;D:\CodeEnvironment\Maven\apache-maven-3.9.11\mvn_repo\io\netty\netty-common\4.1.113.Final\netty-common-4.1.113.Final.jar;D:\CodeEnvironment\Maven\apache-maven-3.9.11\mvn_repo\io\netty\netty-handler\4.1.113.Final\netty-handler-4.1.113.Final.jar;D:\CodeEnvironment\Maven\apache-maven-3.9.11\mvn_repo\io\netty\netty-resolver\4.1.113.Final\netty-resolver-4.1.113.Final.jar;D:\CodeEnvironment\Maven\apache-maven-3.9.11\mvn_repo\io\netty\netty-buffer\4.1.113.Final\netty-buffer-4.1.113.Final.jar;D:\CodeEnvironment\Maven\apache-maven-3.9.11\mvn_repo\io\netty\netty-transport-native-unix-common\4.1.113.Final\netty-transport-native-unix-common-4.1.113.Final.jar;D:\CodeEnvironment\Maven\apache-maven-3.9.11\mvn_repo\io\netty\netty-codec\4.1.113.Final\netty-codec-4.1.113.Final.jar;D:\CodeEnvironment\Maven\apache-maven-3.9.11\mvn_repo\io\netty\netty-transport\4.1.113.Final\netty-transport-4.1.113.Final.jar;D:\CodeEnvironment\Maven\apache-maven-3.9.11\mvn_repo\io\projectreactor\reactor-core\3.6.10\reactor-core-3.6.10.jar;D:\CodeEnvironment\Maven\apache-maven-3.9.11\mvn_repo\org\reactivestreams\reactive-streams\1.0.4\reactive-streams-1.0.4.jar;D:\CodeEnvironment\Maven\apache-maven-3.9.11\mvn_repo\org\springframework\data\spring-data-redis\3.2.10\spring-data-redis-3.2.10.jar;D:\CodeEnvironment\Maven\apache-maven-3.9.11\mvn_repo\org\springframework\data\spring-data-keyvalue\3.2.10\spring-data-keyvalue-3.2.10.jar;D:\CodeEnvironment\Maven\apache-maven-3.9.11\mvn_repo\org\springframework\data\spring-data-commons\3.2.10\spring-data-commons-3.2.10.jar;D:\CodeEnvironment\Maven\apache-maven-3.9.11\mvn_repo\org\springframework\spring-tx\6.1.13\spring-tx-6.1.13.jar;D:\CodeEnvironment\Maven\apache-maven-3.9.11\mvn_repo\org\springframework\spring-oxm\6.1.13\spring-oxm-6.1.13.jar;D:\CodeEnvironment\Maven\apache-maven-3.9.11\mvn_repo\org\springframework\spring-context-support\6.1.13\spring-context-support-6.1.13.jar;D:\CodeEnvironment\Maven\apache-maven-3.9.11\mvn_repo\jakarta\validation\jakarta.validation-api\3.0.2\jakarta.validation-api-3.0.2.jar;D:\CodeEnvironment\Maven\apache-maven-3.9.11\mvn_repo\com\alibaba\cloud\spring-cloud-starter-alibaba-nacos-discovery\2023.0.1.2\spring-cloud-starter-alibaba-nacos-discovery-2023.0.1.2.jar;D:\CodeEnvironment\Maven\apache-maven-3.9.11\mvn_repo\com\alibaba\cloud\spring-cloud-alibaba-commons\2023.0.1.2\spring-cloud-alibaba-commons-2023.0.1.2.jar;D:\CodeEnvironment\Maven\apache-maven-3.9.11\mvn_repo\com\alibaba\nacos\nacos-client\2.3.2\nacos-client-2.3.2.jar;D:\CodeEnvironment\Maven\apache-maven-3.9.11\mvn_repo\com\alibaba\nacos\nacos-auth-plugin\2.3.2\nacos-auth-plugin-2.3.2.jar;D:\CodeEnvironment\Maven\apache-maven-3.9.11\mvn_repo\com\alibaba\nacos\nacos-encryption-plugin\2.3.2\nacos-encryption-plugin-2.3.2.jar;D:\CodeEnvironment\Maven\apache-maven-3.9.11\mvn_repo\commons-codec\commons-codec\1.16.1\commons-codec-1.16.1.jar;D:\CodeEnvironment\Maven\apache-maven-3.9.11\mvn_repo\com\fasterxml\jackson\core\jackson-core\2.15.4\jackson-core-2.15.4.jar;D:\CodeEnvironment\Maven\apache-maven-3.9.11\mvn_repo\org\apache\httpcomponents\httpasyncclient\4.1.5\httpasyncclient-4.1.5.jar;D:\CodeEnvironment\Maven\apache-maven-3.9.11\mvn_repo\org\apache\httpcomponents\httpcore-nio\4.4.16\httpcore-nio-4.4.16.jar;D:\CodeEnvironment\Maven\apache-maven-3.9.11\mvn_repo\org\apache\httpcomponents\httpclient\4.5.13\httpclient-4.5.13.jar;D:\CodeEnvironment\Maven\apache-maven-3.9.11\mvn_repo\org\apache\httpcomponents\httpcore\4.4.16\httpcore-4.4.16.jar;D:\CodeEnvironment\Maven\apache-maven-3.9.11\mvn_repo\io\prometheus\simpleclient\0.16.0\simpleclient-0.16.0.jar;D:\CodeEnvironment\Maven\apache-maven-3.9.11\mvn_repo\io\prometheus\simpleclient_tracer_otel\0.16.0\simpleclient_tracer_otel-0.16.0.jar;D:\CodeEnvironment\Maven\apache-maven-3.9.11\mvn_repo\io\prometheus\simpleclient_tracer_common\0.16.0\simpleclient_tracer_common-0.16.0.jar;D:\CodeEnvironment\Maven\apache-maven-3.9.11\mvn_repo\io\prometheus\simpleclient_tracer_otel_agent\0.16.0\simpleclient_tracer_otel_agent-0.16.0.jar;D:\CodeEnvironment\Maven\apache-maven-3.9.11\mvn_repo\io\micrometer\micrometer-core\1.12.10\micrometer-core-1.12.10.jar;D:\CodeEnvironment\Maven\apache-maven-3.9.11\mvn_repo\org\hdrhistogram\HdrHistogram\2.1.12\HdrHistogram-2.1.12.jar;D:\CodeEnvironment\Maven\apache-maven-3.9.11\mvn_repo\org\latencyutils\LatencyUtils\2.0.3\LatencyUtils-2.0.3.jar;D:\CodeEnvironment\Maven\apache-maven-3.9.11\mvn_repo\com\alibaba\spring\spring-context-support\1.0.11\spring-context-support-1.0.11.jar;D:\CodeEnvironment\Maven\apache-maven-3.9.11\mvn_repo\org\springframework\cloud\spring-cloud-commons\4.1.4\spring-cloud-commons-4.1.4.jar;D:\CodeEnvironment\Maven\apache-maven-3.9.11\mvn_repo\org\springframework\cloud\spring-cloud-context\4.1.4\spring-cloud-context-4.1.4.jar;D:\CodeEnvironment\Maven\apache-maven-3.9.11\mvn_repo\org\springframework\cloud\spring-cloud-starter-openfeign\4.1.3\spring-cloud-starter-openfeign-4.1.3.jar;D:\CodeEnvironment\Maven\apache-maven-3.9.11\mvn_repo\org\springframework\cloud\spring-cloud-starter\4.1.4\spring-cloud-starter-4.1.4.jar;D:\CodeEnvironment\Maven\apache-maven-3.9.11\mvn_repo\org\springframework\cloud\spring-cloud-openfeign-core\4.1.3\spring-cloud-openfeign-core-4.1.3.jar;D:\CodeEnvironment\Maven\apache-maven-3.9.11\mvn_repo\io\github\openfeign\form\feign-form-spring\3.8.0\feign-form-spring-3.8.0.jar;D:\CodeEnvironment\Maven\apache-maven-3.9.11\mvn_repo\io\github\openfeign\form\feign-form\3.8.0\feign-form-3.8.0.jar;D:\CodeEnvironment\Maven\apache-maven-3.9.11\mvn_repo\commons-fileupload\commons-fileupload\1.5\commons-fileupload-1.5.jar;D:\CodeEnvironment\Maven\apache-maven-3.9.11\mvn_repo\commons-io\commons-io\2.11.0\commons-io-2.11.0.jar;D:\CodeEnvironment\Maven\apache-maven-3.9.11\mvn_repo\io\github\openfeign\feign-core\13.3\feign-core-13.3.jar;D:\CodeEnvironment\Maven\apache-maven-3.9.11\mvn_repo\io\github\openfeign\feign-slf4j\13.3\feign-slf4j-13.3.jar;D:\CodeEnvironment\Maven\apache-maven-3.9.11\mvn_repo\org\springframework\cloud\spring-cloud-starter-loadbalancer\4.1.4\spring-cloud-starter-loadbalancer-4.1.4.jar;D:\CodeEnvironment\Maven\apache-maven-3.9.11\mvn_repo\org\springframework\cloud\spring-cloud-loadbalancer\4.1.4\spring-cloud-loadbalancer-4.1.4.jar;D:\CodeEnvironment\Maven\apache-maven-3.9.11\mvn_repo\io\projectreactor\addons\reactor-extra\3.5.2\reactor-extra-3.5.2.jar;D:\CodeEnvironment\Maven\apache-maven-3.9.11\mvn_repo\org\springframework\boot\spring-boot-starter-cache\3.2.10\spring-boot-starter-cache-3.2.10.jar;D:\CodeEnvironment\Maven\apache-maven-3.9.11\mvn_repo\com\stoyanr\evictor\1.0.0\evictor-1.0.0.jar;D:\CodeEnvironment\Maven\apache-maven-3.9.11\mvn_repo\org\projectlombok\lombok\1.18.34\lombok-1.18.34.jar;"/>
    <property name="java.vm.vendor" value="Oracle Corporation"/>
    <property name="LOG_PATH" value="logs/hm-service"/>
    <property name="sun.arch.data.model" value="64"/>
    <property name="user.variant" value=""/>
    <property name="java.vendor.url" value="https://java.oracle.com/"/>
    <property name="user.timezone" value="Asia/Shanghai"/>
    <property name="org.jboss.logging.provider" value="slf4j"/>
    <property name="os.name" value="Windows 11"/>
    <property name="java.vm.specification.version" value="21"/>
    <property name="sun.java.launcher" value="SUN_STANDARD"/>
    <property name="user.country" value="CN"/>
    <property name="sun.boot.library.path" value="D:\CodeEnvironment\JDK21\jdk-21.0.9\bin"/>
    <property name="sun.java.command" value="C:\Users\xuan\AppData\Local\Temp\surefire7311945701726727447\surefirebooter-20260204224053395_3.jar C:\Users\xuan\AppData\Local\Temp\surefire7311945701726727447 2026-02-04T22-40-53_005-jvmRun1 surefire-20260204224053395_1tmp surefire_0-20260204224053395_2tmp"/>
    <property name="jdk.debug" value="release"/>
    <property name="surefire.test.class.path" value="D:\CodingFiles\Java\SpringCloud\hmall\hm-service\target\test-classes;D:\CodingFiles\Java\SpringCloud\hmall\hm-service\target\classes;D:\CodeEnvironment\Maven\apache-maven-3.9.11\mvn_repo\com\heima\hm-common\1.0.0\hm-common-1.0.0.jar;D:\CodeEnvironment\Maven\apache-maven-3.9.11\mvn_repo\org\apache\commons\commons-pool2\2.12.0\commons-pool2-2.12.0.jar;D:\CodeEnvironment\Maven\apache-maven-3.9.11\mvn_repo\cn\hutool\hutool-all\5.8.26\hutool-all-5.8.26.jar;D:\CodeEnvironment\Maven\apache-maven-3.9.11\mvn_repo\org\springframework\boot\spring-boot-starter-logging\3.2.10\spring-boot-starter-logging-3.2.10.jar;D:\CodeEnvironment\Maven\apache-maven-3.9.11\mvn_repo\ch\qos\logback\logback-classic\1.4.14\logback-classic-1.4.14.jar;D:\CodeEnvironment\Maven\apache-maven-3.9.11\mvn_repo\ch\qos\logback\logback-core\1.4.14\logback-core-1.4.14.jar;D:\CodeEnvironment\Maven\apache-maven-3.9.11\mvn_repo\org\apache\logging\log4j\log4j-to-slf4j\2.21.1\log4j-to-slf4j-2.21.1.jar;D:\CodeEnvironment\Maven\apache-maven-3.9.11\mvn_repo\org\apache\logging\log4j\log4j-api\2.21.1\log4j-api-2.21.1.jar;D:\CodeEnvironment\Maven\apache-maven-3.9.11\mvn_repo\org\slf4j\jul-to-slf4j\2.0.16\jul-to-slf4j-2.0.16.jar;D:\CodeEnvironment\Maven\apache-maven-3.9.11\mvn_repo\com\baomidou\mybatis-plus-boot-starter\3.5.9\mybatis-plus-boot-starter-3.5.9.jar;D:\CodeEnvironment\Maven\apache-maven-3.9.11\mvn_repo\com\baomidou\mybatis-plus-jsqlparser\3.5.9\mybatis-plus-jsqlparser-3.5.9.jar;D:\CodeEnvironment\Maven\apache-maven-3.9.11\mvn_repo\com\github\jsqlparser\jsqlparser\5.0\jsqlparser-5.0.jar;D:\CodeEnvironment\Maven\apache-maven-3.9.11\mvn_repo\com\baomidou\mybatis-plus-jsqlparser-common\3.5.9\mybatis-plus-jsqlparser-common-3.5.9.jar;D:\CodeEnvironment\Maven\apache-maven-3.9.11\mvn_repo\com\baomidou\mybatis-plus-extension\3.5.9\mybatis-plus-extension-3.5.9.jar;D:\CodeEnvironment\Maven\apache-maven-3.9.11\mvn_repo\org\hibernate\validator\hibernate-validator\8.0.1.Final\hibernate-validator-8.0.1.Final.jar;D:\CodeEnvironment\Maven\apache-maven-3.9.11\mvn_repo\org\jboss\logging\jboss-logging\3.5.3.Final\jboss-logging-3.5.3.Final.jar;D:\CodeEnvironment\Maven\apache-maven-3.9.11\mvn_repo\com\fasterxml\classmate\1.6.0\classmate-1.6.0.jar;D:\CodeEnvironment\Maven\apache-maven-3.9.11\mvn_repo\org\springframework\boot\spring-boot-autoconfigure\3.2.10\spring-boot-autoconfigure-3.2.10.jar;D:\CodeEnvironment\Maven\apache-maven-3.9.11\mvn_repo\org\springframework\boot\spring-boot\3.2.10\spring-boot-3.2.10.jar;D:\CodeEnvironment\Maven\apache-maven-3.9.11\mvn_repo\com\github\xiaoymin\knife4j-openapi3-jakarta-spring-boot-starter\4.5.0\knife4j-openapi3-jakarta-spring-boot-starter-4.5.0.jar;D:\CodeEnvironment\Maven\apache-maven-3.9.11\mvn_repo\com\github\xiaoymin\knife4j-core\4.5.0\knife4j-core-4.5.0.jar;D:\CodeEnvironment\Maven\apache-maven-3.9.11\mvn_repo\com\github\xiaoymin\knife4j-openapi3-ui\4.5.0\knife4j-openapi3-ui-4.5.0.jar;D:\CodeEnvironment\Maven\apache-maven-3.9.11\mvn_repo\org\springdoc\springdoc-openapi-starter-webmvc-ui\2.3.0\springdoc-openapi-starter-webmvc-ui-2.3.0.jar;D:\CodeEnvironment\Maven\apache-maven-3.9.11\mvn_repo\org\springdoc\springdoc-openapi-starter-webmvc-api\2.3.0\springdoc-openapi-starter-webmvc-api-2.3.0.jar;D:\CodeEnvironment\Maven\apache-maven-3.9.11\mvn_repo\org\springdoc\springdoc-openapi-starter-common\2.3.0\springdoc-openapi-starter-common-2.3.0.jar;D:\CodeEnvironment\Maven\apache-maven-3.9.11\mvn_repo\io\swagger\core\v3\swagger-core-jakarta\2.2.19\swagger-core-jakarta-2.2.19.jar;D:\CodeEnvironment\Maven\apache-maven-3.9.11\mvn_repo\org\apache\commons\commons-lang3\3.13.0\commons-lang3-3.13.0.jar;D:\CodeEnvironment\Maven\apache-maven-3.9.11\mvn_repo\io\swagger\core\v3\swagger-annotations-jakarta\2.2.19\swagger-annotations-jakarta-2.2.19.jar;D:\CodeEnvironment\Maven\apache-maven-3.9.11\mvn_repo\io\swagger\core\v3\swagger-models-jakarta\2.2.19\swagger-models-jakarta-2.2.19.jar;D:\CodeEnvironment\Maven\apache-maven-3.9.11\mvn_repo\com\fasterxml\jackson\dataformat\jackson-dataformat-yaml\2.15.4\jackson-dataformat-yaml-2.15.4.jar;D:\CodeEnvironment\Maven\apache-maven-3.9.11\mvn_repo\org\webjars\swagger-ui\5.10.3\swagger-ui-5.10.3.jar;D:\CodeEnvironment\Maven\apache-maven-3.9.11\mvn_repo\com\github\ben-manes\caffeine\caffeine\3.1.8\caffeine-3.1.8.jar;D:\CodeEnvironment\Maven\apache-maven-3.9.11\mvn_repo\org\checkerframework\checker-qual\3.37.0\checker-qual-3.37.0.jar;D:\CodeEnvironment\Maven\apache-maven-3.9.11\mvn_repo\com\google\errorprone\error_prone_annotations\2.21.1\error_prone_annotations-2.21.1.jar;D:\CodeEnvironment\Maven\apache-maven-3.9.11\mvn_repo\io\swagger\core\v3\swagger-annotations\2.2.8\swagger-annotations-2.2.8.jar;D:\CodeEnvironment\Maven\apache-maven-3.9.11\mvn_repo\org\springframework\boot\spring-boot-starter-web\3.2.10\spring-boot-starter-web-3.2.10.jar;D:\CodeEnvironment\Maven\apache-maven-3.9.11\mvn_repo\org\springframework\boot\spring-boot-starter\3.2.10\spring-boot-starter-3.2.10.jar;D:\CodeEnvironment\Maven\apache-maven-3.9.11\mvn_repo\jakarta\annotation\jakarta.annotation-api\2.1.1\jakarta.annotation-api-2.1.1.jar;D:\CodeEnvironment\Maven\apache-maven-3.9.11\mvn_repo\org\yaml\snakeyaml\2.2\snakeyaml-2.2.jar;D:\CodeEnvironment\Maven\apache-maven-3.9.11\mvn_repo\org\springframework\boot\spring-boot-starter-json\3.2.10\spring-boot-starter-json-3.2.10.jar;D:\CodeEnvironment\Maven\apache-maven-3.9.11\mvn_repo\com\fasterxml\jackson\core\jackson-databind\2.15.4\jackson-databind-2.15.4.jar;D:\CodeEnvironment\Maven\apache-maven-3.9.11\mvn_repo\com\fasterxml\jackson\core\jackson-annotations\2.15.4\jackson-annotations-2.15.4.jar;D:\CodeEnvironment\Maven\apache-maven-3.9.11\mvn_repo\com\fasterxml\jackson\datatype\jackson-datatype-jdk8\2.15.4\jackson-datatype-jdk8-2.15.4.jar;D:\CodeEnvironment\Maven\apache-maven-3.9.11\mvn_repo\com\fasterxml\jackson\datatype\jackson-datatype-jsr310\2.15.4\jackson-datatype-jsr310-2.15.4.jar;D:\CodeEnvironment\Maven\apache-maven-3.9.11\mvn_repo\com\fasterxml\jackson\module\jackson-module-parameter-names\2.15.4\jackson-module-parameter-names-2.15.4.jar;D:\CodeEnvironment\Maven\apache-maven-3.9.11\mvn_repo\org\springframework\boot\spring-boot-starter-tomcat\3.2.10\spring-boot-starter-tomcat-3.2.10.jar;D:\CodeEnvironment\Maven\apache-maven-3.9.11\mvn_repo\org\apache\tomcat\embed\tomcat-embed-core\10.1.30\tomcat-embed-core-10.1.30.jar;D:\CodeEnvironment\Maven\apache-maven-3.9.11\mvn_repo\org\apache\tomcat\embed\tomcat-embed-el\10.1.30\tomcat-embed-el-10.1.30.jar;D:\CodeEnvironment\Maven\apache-maven-3.9.11\mvn_repo\org\apache\tomcat\embed\tomcat-embed-websocket\10.1.30\tomcat-embed-websocket-10.1.30.jar;D:\CodeEnvironment\Maven\apache-maven-3.9.11\mvn_repo\org\springframework\spring-web\6.1.13\spring-web-6.1.13.jar;D:\CodeEnvironment\Maven\apache-maven-3.9.11\mvn_repo\org\springframework\spring-beans\6.1.13\spring-beans-6.1.13.jar;D:\CodeEnvironment\Maven\apache-maven-3.9.11\mvn_repo\io\micrometer\micrometer-observation\1.12.10\micrometer-observation-1.12.10.jar;D:\CodeEnvironment\Maven\apache-maven-3.9.11\mvn_repo\io\micrometer\micrometer-commons\1.12.10\micrometer-commons-1.12.10.jar;D:\CodeEnvironment\Maven\apache-maven-3.9.11\mvn_repo\org\springframework\spring-webmvc\6.1.13\spring-webmvc-6.1.13.jar;D:\CodeEnvironment\Maven\apache-maven-3.9.11\mvn_repo\org\springframework\spring-aop\6.1.13\spring-aop-6.1.13.jar;D:\CodeEnvironment\Maven\apache-maven-3.9.11\mvn_repo\org\springframework\spring-context\6.1.13\spring-context-6.1.13.jar;D:\CodeEnvironment\Maven\apache-maven-3.9.11\mvn_repo\org\springframework\spring-expression\6.1.13\spring-expression-6.1.13.jar;D:\CodeEnvironment\Maven\apache-maven-3.9.11\mvn_repo\org\springframework\security\spring-security-crypto\6.2.6\spring-security-crypto-6.2.6.jar;D:\CodeEnvironment\Maven\apache-maven-3.9.11\mvn_repo\org\springframework\security\spring-security-rsa\1.0.9.RELEASE\spring-security-rsa-1.0.9.RELEASE.jar;D:\CodeEnvironment\Maven\apache-maven-3.9.11\mvn_repo\org\bouncycastle\bcpkix-jdk15on\1.64\bcpkix-jdk15on-1.64.jar;D:\CodeEnvironment\Maven\apache-maven-3.9.11\mvn_repo\org\bouncycastle\bcprov-jdk15on\1.64\bcprov-jdk15on-1.64.jar;D:\CodeEnvironment\Maven\apache-maven-3.9.11\mvn_repo\com\mysql\mysql-connector-j\8.0.33\mysql-connector-j-8.0.33.jar;D:\CodeEnvironment\Maven\apache-maven-3.9.11\mvn_repo\com\google\protobuf\protobuf-java\3.21.9\protobuf-java-3.21.9.jar;D:\CodeEnvironment\Maven\apache-maven-3.9.11\mvn_repo\com\baomidou\mybatis-plus-spring-boot3-starter\3.5.9\mybatis-plus-spring-boot3-starter-3.5.9.jar;D:\CodeEnvironment\Maven\apache-maven-3.9.11\mvn_repo\com\baomidou\mybatis-plus\3.5.9\mybatis-plus-3.5.9.jar;D:\CodeEnvironment\Maven\apache-maven-3.9.11\mvn_repo\com\baomidou\mybatis-plus-core\3.5.9\mybatis-plus-core-3.5.9.jar;D:\CodeEnvironment\Maven\apache-maven-3.9.11\mvn_repo\com\baomidou\mybatis-plus-annotation\3.5.9\mybatis-plus-annotation-3.5.9.jar;D:\CodeEnvironment\Maven\apache-maven-3.9.11\mvn_repo\com\baomidou\mybatis-plus-spring\3.5.9\mybatis-plus-spring-3.5.9.jar;D:\CodeEnvironment\Maven\apache-maven-3.9.11\mvn_repo\org\mybatis\mybatis\3.5.16\mybatis-3.5.16.jar;D:\CodeEnvironment\Maven\apache-maven-3.9.11\mvn_repo\org\mybatis\mybatis-spring\3.0.4\mybatis-spring-3.0.4.jar;D:\CodeEnvironment\Maven\apache-maven-3.9.11\mvn_repo\com\baomidou\mybatis-plus-spring-boot-autoconfigure\3.5.9\mybatis-plus-spring-boot-autoconfigure-3.5.9.jar;D:\CodeEnvironment\Maven\apache-maven-3.9.11\mvn_repo\org\springframework\boot\spring-boot-starter-jdbc\3.2.10\spring-boot-starter-jdbc-3.2.10.jar;D:\CodeEnvironment\Maven\apache-maven-3.9.11\mvn_repo\com\zaxxer\HikariCP\5.0.1\HikariCP-5.0.1.jar;D:\CodeEnvironment\Maven\apache-maven-3.9.11\mvn_repo\org\springframework\spring-jdbc\6.1.13\spring-jdbc-6.1.13.jar;D:\CodeEnvironment\Maven\apache-maven-3.9.11\mvn_repo\org\springframework\boot\spring-boot-starter-test\3.2.10\spring-boot-starter-test-3.2.10.jar;D:\CodeEnvironment\Maven\apache-maven-3.9.11\mvn_repo\org\springframework\boot\spring-boot-test\3.2.10\spring-boot-test-3.2.10.jar;D:\CodeEnvironment\Maven\apache-maven-3.9.11\mvn_repo\org\springframework\boot\spring-boot-test-autoconfigure\3.2.10\spring-boot-test-autoconfigure-3.2.10.jar;D:\CodeEnvironment\Maven\apache-maven-3.9.11\mvn_repo\com\jayway\jsonpath\json-path\2.9.0\json-path-2.9.0.jar;D:\CodeEnvironment\Maven\apache-maven-3.9.11\mvn_repo\org\slf4j\slf4j-api\2.0.16\slf4j-api-2.0.16.jar;D:\CodeEnvironment\Maven\apache-maven-3.9.11\mvn_repo\jakarta\xml\bind\jakarta.xml.bind-api\4.0.2\jakarta.xml.bind-api-4.0.2.jar;D:\CodeEnvironment\Maven\apache-maven-3.9.11\mvn_repo\jakarta\activation\jakarta.activation-api\2.1.3\jakarta.activation-api-2.1.3.jar;D:\CodeEnvironment\Maven\apache-maven-3.9.11\mvn_repo\net\minidev\json-smart\2.5.1\json-smart-2.5.1.jar;D:\CodeEnvironment\Maven\apache-maven-3.9.11\mvn_repo\net\minidev\accessors-smart\2.5.1\accessors-smart-2.5.1.jar;D:\CodeEnvironment\Maven\apache-maven-3.9.11\mvn_repo\org\ow2\asm\asm\9.6\asm-9.6.jar;D:\CodeEnvironment\Maven\apache-maven-3.9.11\mvn_repo\org\assertj\assertj-core\3.24.2\assertj-core-3.24.2.jar;D:\CodeEnvironment\Maven\apache-maven-3.9.11\mvn_repo\net\bytebuddy\byte-buddy\1.14.19\byte-buddy-1.14.19.jar;D:\CodeEnvironment\Maven\apache-maven-3.9.11\mvn_repo\org\awaitility\awaitility\4.2.2\awaitility-4.2.2.jar;D:\CodeEnvironment\Maven\apache-maven-3.9.11\mvn_repo\org\hamcrest\hamcrest\2.2\hamcrest-2.2.jar;D:\CodeEnvironment\Maven\apache-maven-3.9.11\mvn_repo\org\junit\jupiter\junit-jupiter\5.10.3\junit-jupiter-5.10.3.jar;D:\CodeEnvironment\Maven\apache-maven-3.9.11\mvn_repo\org\junit\jupiter\junit-jupiter-api\5.10.3\junit-jupiter-api-5.10.3.jar;D:\CodeEnvironment\Maven\apache-maven-3.9.11\mvn_repo\org\opentest4j\opentest4j\1.3.0\opentest4j-1.3.0.jar;D:\CodeEnvironment\Maven\apache-maven-3.9.11\mvn_repo\org\junit\platform\junit-platform-commons\1.10.3\junit-platform-commons-1.10.3.jar;D:\CodeEnvironment\Maven\apache-maven-3.9.11\mvn_repo\org\apiguardian\apiguardian-api\1.1.2\apiguardian-api-1.1.2.jar;D:\CodeEnvironment\Maven\apache-maven-3.9.11\mvn_repo\org\junit\jupiter\junit-jupiter-params\5.10.3\junit-jupiter-params-5.10.3.jar;D:\CodeEnvironment\Maven\apache-maven-3.9.11\mvn_repo\org\junit\jupiter\junit-jupiter-engine\5.10.3\junit-jupiter-engine-5.10.3.jar;D:\CodeEnvironment\Maven\apache-maven-3.9.11\mvn_repo\org\junit\platform\junit-platform-engine\1.10.3\junit-platform-engine-1.10.3.jar;D:\CodeEnvironment\Maven\apache-maven-3.9.11\mvn_repo\org\mockito\mockito-core\5.7.0\mockito-core-5.7.0.jar;D:\CodeEnvironment\Maven\apache-maven-3.9.11\mvn_repo\net\bytebuddy\byte-buddy-agent\1.14.19\byte-buddy-agent-1.14.19.jar;D:\CodeEnvironment\Maven\apache-maven-3.9.11\mvn_repo\org\objenesis\objenesis\3.3\objenesis-3.3.jar;D:\CodeEnvironment\Maven\apache-maven-3.9.11\mvn_repo\org\mockito\mockito-junit-jupiter\5.7.0\mockito-junit-jupiter-5.7.0.jar;D:\CodeEnvironment\Maven\apache-maven-3.9.11\mvn_repo\org\skyscreamer\jsonassert\1.5.3\jsonassert-1.5.3.jar;D:\CodeEnvironment\Maven\apache-maven-3.9.11\mvn_repo\com\vaadin\external\google\android-json\0.0.20131108.vaadin1\android-json-0.0.20131108.vaadin1.jar;D:\CodeEnvironment\Maven\apache-maven-3.9.11\mvn_repo\org\springframework\spring-core\6.1.13\spring-core-6.1.13.jar;D:\CodeEnvironment\Maven\apache-maven-3.9.11\mvn_repo\org\springframework\spring-jcl\6.1.13\spring-jcl-6.1.13.jar;D:\CodeEnvironment\Maven\apache-maven-3.9.11\mvn_repo\org\springframework\spring-test\6.1.13\spring-test-6.1.13.jar;D:\CodeEnvironment\Maven\apache-maven-3.9.11\mvn_repo\org\xmlunit\xmlunit-core\2.9.1\xmlunit-core-2.9.1.jar;D:\CodeEnvironment\Maven\apache-maven-3.9.11\mvn_repo\org\springframework\boot\spring-boot-starter-data-redis\3.2.10\spring-boot-starter-data-redis-3.2.10.jar;D:\CodeEnvironment\Maven\apache-maven-3.9.11\mvn_repo\io\lettuce\lettuce-core\6.3.2.RELEASE\lettuce-core-6.3.2.RELEASE.jar;D:\CodeEnvironment\Maven\apache-maven-3.9.11\mvn_repo\io\netty\netty-common\4.1.113.Final\netty-common-4.1.113.Final.jar;D:\CodeEnvironment\Maven\apache-maven-3.9.11\mvn_repo\io\netty\netty-handler\4.1.113.Final\netty-handler-4.1.113.Final.jar;D:\CodeEnvironment\Maven\apache-maven-3.9.11\mvn_repo\io\netty\netty-resolver\4.1.113.Final\netty-resolver-4.1.113.Final.jar;D:\CodeEnvironment\Maven\apache-maven-3.9.11\mvn_repo\io\netty\netty-buffer\4.1.113.Final\netty-buffer-4.1.113.Final.jar;D:\CodeEnvironment\Maven\apache-maven-3.9.11\mvn_repo\io\netty\netty-transport-native-unix-common\4.1.113.Final\netty-transport-native-unix-common-4.1.113.Final.jar;D:\CodeEnvironment\Maven\apache-maven-3.9.11\mvn_repo\io\netty\netty-codec\4.1.113.Final\netty-codec-4.1.113.Final.jar;D:\CodeEnvironment\Maven\apache-maven-3.9.11\mvn_repo\io\netty\netty-transport\4.1.113.Final\netty-transport-4.1.113.Final.jar;D:\CodeEnvironment\Maven\apache-maven-3.9.11\mvn_repo\io\projectreactor\reactor-core\3.6.10\reactor-core-3.6.10.jar;D:\CodeEnvironment\Maven\apache-maven-3.9.11\mvn_repo\org\reactivestreams\reactive-streams\1.0.4\reactive-streams-1.0.4.jar;D:\CodeEnvironment\Maven\apache-maven-3.9.11\mvn_repo\org\springframework\data\spring-data-redis\3.2.10\spring-data-redis-3.2.10.jar;D:\CodeEnvironment\Maven\apache-maven-3.9.11\mvn_repo\org\springframework\data\spring-data-keyvalue\3.2.10\spring-data-keyvalue-3.2.10.jar;D:\CodeEnvironment\Maven\apache-maven-3.9.11\mvn_repo\org\springframework\data\spring-data-commons\3.2.10\spring-data-commons-3.2.10.jar;D:\CodeEnvironment\Maven\apache-maven-3.9.11\mvn_repo\org\springframework\spring-tx\6.1.13\spring-tx-6.1.13.jar;D:\CodeEnvironment\Maven\apache-maven-3.9.11\mvn_repo\org\springframework\spring-oxm\6.1.13\spring-oxm-6.1.13.jar;D:\CodeEnvironment\Maven\apache-maven-3.9.11\mvn_repo\org\springframework\spring-context-support\6.1.13\spring-context-support-6.1.13.jar;D:\CodeEnvironment\Maven\apache-maven-3.9.11\mvn_repo\jakarta\validation\jakarta.validation-api\3.0.2\jakarta.validation-api-3.0.2.jar;D:\CodeEnvironment\Maven\apache-maven-3.9.11\mvn_repo\com\alibaba\cloud\spring-cloud-starter-alibaba-nacos-discovery\2023.0.1.2\spring-cloud-starter-alibaba-nacos-discovery-2023.0.1.2.jar;D:\CodeEnvironment\Maven\apache-maven-3.9.11\mvn_repo\com\alibaba\cloud\spring-cloud-alibaba-commons\2023.0.1.2\spring-cloud-alibaba-commons-2023.0.1.2.jar;D:\CodeEnvironment\Maven\apache-maven-3.9.11\mvn_repo\com\alibaba\nacos\nacos-client\2.3.2\nacos-client-2.3.2.jar;D:\CodeEnvironment\Maven\apache-maven-3.9.11\mvn_repo\com\alibaba\nacos\nacos-auth-plugin\2.3.2\nacos-auth-plugin-2.3.2.jar;D:\CodeEnvironment\Maven\apache-maven-3.9.11\mvn_repo\com\alibaba\nacos\nacos-encryption-plugin\2.3.2\nacos-encryption-plugin-2.3.2.jar;D:\CodeEnvironment\Maven\apache-maven-3.9.11\mvn_repo\commons-codec\commons-codec\1.16.1\commons-codec-1.16.1.jar;D:\CodeEnvironment\Maven\apache-maven-3.9.11\mvn_repo\com\fasterxml\jackson\core\jackson-core\2.15.4\jackson-core-2.15.4.jar;D:\CodeEnvironment\Maven\apache-maven-3.9.11\mvn_repo\org\apache\httpcomponents\httpasyncclient\4.1.5\httpasyncclient-4.1.5.jar;D:\CodeEnvironment\Maven\apache-maven-3.9.11\mvn_repo\org\apache\httpcomponents\httpcore-nio\4.4.16\httpcore-nio-4.4.16.jar;D:\CodeEnvironment\Maven\apache-maven-3.9.11\mvn_repo\org\apache\httpcomponents\httpclient\4.5.13\httpclient-4.5.13.jar;D:\CodeEnvironment\Maven\apache-maven-3.9.11\mvn_repo\org\apache\httpcomponents\httpcore\4.4.16\httpcore-4.4.16.jar;D:\CodeEnvironment\Maven\apache-maven-3.9.11\mvn_repo\io\prometheus\simpleclient\0.16.0\simpleclient-0.16.0.jar;D:\CodeEnvironment\Maven\apache-maven-3.9.11\mvn_repo\io\prometheus\simpleclient_tracer_otel\0.16.0\simpleclient_tracer_otel-0.16.0.jar;D:\CodeEnvironment\Maven\apache-maven-3.9.11\mvn_repo\io\prometheus\simpleclient_tracer_common\0.16.0\simpleclient_tracer_common-0.16.0.jar;D:\CodeEnvironment\Maven\apache-maven-3.9.11\mvn_repo\io\prometheus\simpleclient_tracer_otel_agent\0.16.0\simpleclient_tracer_otel_agent-0.16.0.jar;D:\CodeEnvironment\Maven\apache-maven-3.9.11\mvn_repo\io\micrometer\micrometer-core\1.12.10\micrometer-core-1.12.10.jar;D:\CodeEnvironment\Maven\apache-maven-3.9.11\mvn_repo\org\hdrhistogram\HdrHistogram\2.1.12\HdrHistogram-2.1.12.jar;D:\CodeEnvironment\Maven\apache-maven-3.9.11\mvn_repo\org\latencyutils\LatencyUtils\2.0.3\LatencyUtils-2.0.3.jar;D:\CodeEnvironment\Maven\apache-maven-3.9.11\mvn_repo\com\alibaba\spring\spring-context-support\1.0.11\spring-context-support-1.0.11.jar;D:\CodeEnvironment\Maven\apache-maven-3.9.11\mvn_repo\org\springframework\cloud\spring-cloud-commons\4.1.4\spring-cloud-commons-4.1.4.jar;D:\CodeEnvironment\Maven\apache-maven-3.9.11\mvn_repo\org\springframework\cloud\spring-cloud-context\4.1.4\spring-cloud-context-4.1.4.jar;D:\CodeEnvironment\Maven\apache-maven-3.9.11\mvn_repo\org\springframework\cloud\spring-cloud-starter-openfeign\4.1.3\spring-cloud-starter-openfeign-4.1.3.jar;D:\CodeEnvironment\Maven\apache-maven-3.9.11\mvn_repo\org\springframework\cloud\spring-cloud-starter\4.1.4\spring-cloud-starter-4.1.4.jar;D:\CodeEnvironment\Maven\apache-maven-3.9.11\mvn_repo\org\springframework\cloud\spring-cloud-openfeign-core\4.1.3\spring-cloud-openfeign-core-4.1.3.jar;D:\CodeEnvironment\Maven\apache-maven-3.9.11\mvn_repo\io\github\openfeign\form\feign-form-spring\3.8.0\feign-form-spring-3.8.0.jar;D:\CodeEnvironment\Maven\apache-maven-3.9.11\mvn_repo\io\github\openfeign\form\feign-form\3.8.0\feign-form-3.8.0.jar;D:\CodeEnvironment\Maven\apache-maven-3.9.11\mvn_repo\commons-fileupload\commons-fileupload\1.5\commons-fileupload-1.5.jar;D:\CodeEnvironment\Maven\apache-maven-3.9.11\mvn_repo\commons-io\commons-io\2.11.0\commons-io-2.11.0.jar;D:\CodeEnvironment\Maven\apache-maven-3.9.11\mvn_repo\io\github\openfeign\feign-core\13.3\feign-core-13.3.jar;D:\CodeEnvironment\Maven\apache-maven-3.9.11\mvn_repo\io\github\openfeign\feign-slf4j\13.3\feign-slf4j-13.3.jar;D:\CodeEnvironment\Maven\apache-maven-3.9.11\mvn_repo\org\springframework\cloud\spring-cloud-starter-loadbalancer\4.1.4\spring-cloud-starter-loadbalancer-4.1.4.jar;D:\CodeEnvironment\Maven\apache-maven-3.9.11\mvn_repo\org\springframework\cloud\spring-cloud-loadbalancer\4.1.4\spring-cloud-loadbalancer-4.1.4.jar;D:\CodeEnvironment\Maven\apache-maven-3.9.11\mvn_repo\io\projectreactor\addons\reactor-extra\3.5.2\reactor-extra-3.5.2.jar;D:\CodeEnvironment\Maven\apache-maven-3.9.11\mvn_repo\org\springframework\boot\spring-boot-starter-cache\3.2.10\spring-boot-starter-cache-3.2.10.jar;D:\CodeEnvironment\Maven\apache-maven-3.9.11\mvn_repo\com\stoyanr\evictor\1.0.0\evictor-1.0.0.jar;D:\CodeEnvironment\Maven\apache-maven-3.9.11\mvn_repo\org\projectlombok\lombok\1.18.34\lombok-1.18.34.jar;"/>
    <property name="sun.cpu.endian" value="little"/>
    <property name="user.home" value="C:\Users\xuan"/>
    <property name="user.language" value="zh"/>
    <property name="java.specification.vendor" value="Oracle Corporation"/>
    <property name="LOG_DATEFORMAT_PATTERN" value="HH:mm:ss:SSS"/>
    <property name="java.version.date" value="2025-10-21"/>
    <property name="java.home" value="D:\CodeEnvironment\JDK21\jdk-21.0.9"/>
    <property name="file.separator" value="\"/>
    <property name="basedir" value="D:\CodingFiles\Java\SpringCloud\hmall\hm-service"/>
    <property name="java.vm.compressedOopsMode" value="Zero based"/>
    <property name="line.separator" value="&#10;"/>
    <property name="java.vm.specification.vendor" value="Oracle Corporation"/>
    <property name="java.specification.name" value="Java Platform API Specification"/>
    <property name="FILE_LOG_CHARSET" value="UTF-8"/>
    <property name="java.awt.headless" value="true"/>
    <property name="surefire.real.class.path" value="C:\Users\xuan\AppData\Local\Temp\surefire7311945701726727447\surefirebooter-20260204224053395_3.jar"/>
    <property name="user.script" value=""/>
    <property name="sun.management.compiler" value="HotSpot 64-Bit Tiered Compilers"/>
    <property name="java.runtime.version" value="21.0.9+7-LTS-338"/>
    <property name="user.name" value="xuan"/>
    <property name="stdout.encoding" value="GBK"/>
    <property name="path.separator" value=";"/>
    <property name="os.version" value="10.0"/>
    <property name="java.runtime.name" value="Java(TM) SE Runtime Environment"/>
    <property name="file.encoding" value="UTF-8"/>
    <property name="java.vm.name" value="Java HotSpot(TM) 64-Bit Server VM"/>
    <property name="LOG_FILE" value="logs\hm-service\spring.log"/>
    <property name="localRepository" value="D:\CodeEnvironment\Maven\apache-maven-3.9.11\mvn_repo"/>
    <property name="java.vendor.url.bug" value="https://bugreport.java.com/bugreport/"/>
    <property name="java.io.tmpdir" value="C:\Users\xuan\AppData\Local\Temp\"/>
    <property name="idea.version" value="2025.1.1.1"/>
    <property name="java.version" value="21.0.9"/>
    <property name="user.dir" value="D:\CodingFiles\Java\SpringCloud\hmall\hm-service"/>
    <property name="os.arch" value="amd64"/>
    <property name="java.vm.specification.name" value="Java Virtual Machine Specification"/>
    <property name="PID" value="36408"/>
    <property name="sun.os.patch.level" value=""/>
    <property name="CONSOLE_LOG_CHARSET" value="UTF-8"/>
    <property name="native.encoding" value="GBK"/>
    <property name="java.library.path" value="D:\CodeEnvironment\JDK21\jdk-21.0.9\bin;C:\WINDOWS\Sun\Java\bin;C:\WINDOWS\system32;C:\WINDOWS;D:\WorkSoftWare\VMWare\bin\;C:\WINDOWS\system32;C:\WINDOWS;C:\WINDOWS\System32\Wbem;C:\WINDOWS\System32\WindowsPowerShell\v1.0\;C:\WINDOWS\System32\OpenSSH\;D:\CodeEnvironment\JDK21\jdk-21.0.9\bin;D:\CodeEnvironment\Mingw64\mingw64\bin;C:\Program Files\NVIDIA Corporation\NVIDIA App\NvDLISR;D:\CodeEnvironment\node.js\node_global\node_modules;D:\CodeEnvironment\MySQL\mysql-8.0.34-winx64\bin;C:\Program Files\dotnet\;D:\WorkSoftWare\Git\Git\cmd;D:\CodeEnvironment\node.js\;D:\CodeEnvironment\Maven\apache-maven-3.9.11\bin;D:\WorkSoftWare\Cursor\cursor\resources\app\bin;D:\WorkSoftWare\Jmeter\apache-jmeter-5.6.3\bin;;D:\CodeEnvironment\Lua\5.1;D:\CodeEnvironment\Lua\5.1\clibs;d:\WorkSoftWare\Trae\Trae\bin;D:\CodeEnvironment\Python-3.13.9\Scripts\;D:\CodeEnvironment\Python-3.13.9\;C:\Users\xuan\AppData\Local\Microsoft\WindowsApps;D:\WorkSoftWare\JetBrains\Idea\IntelliJ IDEA 2025.1.1.1\bin;;D:\CodeEnvironment\node.js\node_global;C:\Users\xuan\AppData\Roaming\npm;D:\WorkSoftWare\Microsoft\Vscode\Microsoft VS Code\Microsoft VS Code\bin;D:\WorkSoftWare\Antigravity\Antigravity\bin;."/>
    <property name="java.vm.info" value="mixed mode, sharing"/>
    <property name="stderr.encoding" value="GBK"/>
    <property name="java.vendor" value="Oracle Corporation"/>
    <property name="java.vm.version" value="21.0.9+7-LTS-338"/>
    <property name="sun.io.unicode.encoding" value="UnicodeLittle"/>
    <property name="maven.repo.local" value="D:\CodeEnvironment\Maven\apache-maven-3.9.11\mvn_repo"/>
    <property name="java.class.version" value="65.0"/>
    <property name="LOGGED_APPLICATION_NAME" value="[hm-service] "/>
  </properties>
  <testcase name="testJwt" classname="com.hmall.service.impl.ItemServiceImplTest" time="0.003">
    <error message="Failed to load ApplicationContext for [WebMergedContextConfiguration@36c0d0bd testClass = com.hmall.service.impl.ItemServiceImplTest, locations = [], classes = [com.hmall.HMallApplication], contextInitializerClasses = [], activeProfiles = [], propertySourceDescriptors = [], propertySourceProperties = [&quot;org.springframework.boot.test.context.SpringBootTestContextBootstrapper=true&quot;], contextCustomizers = [org.springframework.boot.test.context.filter.ExcludeFilterContextCustomizer@3697186, org.springframework.boot.test.json.DuplicateJsonObjectContextCustomizerFactory$DuplicateJsonObjectContextCustomizer@46b61c56, org.springframework.boot.test.mock.mockito.MockitoContextCustomizer@0, org.springframework.boot.test.web.client.TestRestTemplateContextCustomizer@12359a82, org.springframework.boot.test.web.reactor.netty.DisableReactorResourceFactoryGlobalResourcesContextCustomizerFactory$DisableReactorResourceFactoryGlobalResourcesContextCustomizerCustomizer@401f7633, org.springframework.boot.test.autoconfigure.actuate.observability.ObservabilityContextCustomizerFactory$DisableObservabilityContextCustomizer@1f, org.springframework.boot.test.autoconfigure.properties.PropertyMappingContextCustomizer@0, org.springframework.boot.test.autoconfigure.web.servlet.WebDriverContextCustomizer@21337f7b, org.springframework.boot.test.context.SpringBootTestAnnotation@2e79a655], resourceBasePath = &quot;src/main/webapp&quot;, contextLoader = org.springframework.boot.test.context.SpringBootContextLoader, parent = null]" type="java.lang.IllegalStateException"><![CDATA[java.lang.IllegalStateException: Failed to load ApplicationContext for [WebMergedContextConfiguration@36c0d0bd testClass = com.hmall.service.impl.ItemServiceImplTest, locations = [], classes = [com.hmall.HMallApplication], contextInitializerClasses = [], activeProfiles = [], propertySourceDescriptors = [], propertySourceProperties = ["org.springframework.boot.test.context.SpringBootTestContextBootstrapper=true"], contextCustomizers = [org.springframework.boot.test.context.filter.ExcludeFilterContextCustomizer@3697186, org.springframework.boot.test.json.DuplicateJsonObjectContextCustomizerFactory$DuplicateJsonObjectContextCustomizer@46b61c56, org.springframework.boot.test.mock.mockito.MockitoContextCustomizer@0, org.springframework.boot.test.web.client.TestRestTemplateContextCustomizer@12359a82, org.springframework.boot.test.web.reactor.netty.DisableReactorResourceFactoryGlobalResourcesContextCustomizerFactory$DisableReactorResourceFactoryGlobalResourcesContextCustomizerCustomizer@401f7633, org.springframework.boot.test.autoconfigure.actuate.observability.ObservabilityContextCustomizerFactory$DisableObservabilityContextCustomizer@1f, org.springframework.boot.test.autoconfigure.properties.PropertyMappingContextCustomizer@0, org.springframework.boot.test.autoconfigure.web.servlet.WebDriverContextCustomizer@21337f7b, org.springframework.boot.test.context.SpringBootTestAnnotation@2e79a655], resourceBasePath = "src/main/webapp", contextLoader = org.springframework.boot.test.context.SpringBootContextLoader, parent = null]
	at org.springframework.test.context.cache.DefaultCacheAwareContextLoaderDelegate.loadContext(DefaultCacheAwareContextLoaderDelegate.java:180)
	at org.springframework.test.context.support.DefaultTestContext.getApplicationContext(DefaultTestContext.java:130)
	at org.springframework.test.context.web.ServletTestExecutionListener.setUpRequestContextIfNecessary(ServletTestExecutionListener.java:191)
	at org.springframework.test.context.web.ServletTestExecutionListener.prepareTestInstance(ServletTestExecutionListener.java:130)
	at org.springframework.test.context.TestContextManager.prepareTestInstance(TestContextManager.java:260)
	at org.springframework.test.context.junit.jupiter.SpringExtension.postProcessTestInstance(SpringExtension.java:163)
	at java.base/java.util.stream.ReferencePipeline$3$1.accept(ReferencePipeline.java:197)
	at java.base/java.util.stream.ReferencePipeline$2$1.accept(ReferencePipeline.java:179)
	at java.base/java.util.ArrayList$ArrayListSpliterator.forEachRemaining(ArrayList.java:1708)
	at java.base/java.util.stream.AbstractPipeline.copyInto(AbstractPipeline.java:509)
	at java.base/java.util.stream.AbstractPipeline.wrapAndCopyInto(AbstractPipeline.java:499)
	at java.base/java.util.stream.StreamSpliterators$WrappingSpliterator.forEachRemaining(StreamSpliterators.java:310)
	at java.base/java.util.stream.Streams$ConcatSpliterator.forEachRemaining(Streams.java:735)
	at java.base/java.util.stream.Streams$ConcatSpliterator.forEachRemaining(Streams.java:734)
	at java.base/java.util.stream.ReferencePipeline$Head.forEach(ReferencePipeline.java:762)
	at java.base/java.util.Optional.orElseGet(Optional.java:364)
	at java.base/java.util.ArrayList.forEach(ArrayList.java:1596)
	at java.base/java.util.ArrayList.forEach(ArrayList.java:1596)
Caused by: org.springframework.beans.factory.BeanDefinitionStoreException: Failed to parse configuration class [com.hmall.HMallApplication]
	at org.springframework.context.annotation.ConfigurationClassParser.parse(ConfigurationClassParser.java:179)
	at org.springframework.context.annotation.ConfigurationClassPostProcessor.processConfigBeanDefinitions(ConfigurationClassPostProcessor.java:417)
	at org.springframework.context.annotation.ConfigurationClassPostProcessor.postProcessBeanDefinitionRegistry(ConfigurationClassPostProcessor.java:290)
	at org.springframework.context.support.PostProcessorRegistrationDelegate.invokeBeanDefinitionRegistryPostProcessors(PostProcessorRegistrationDelegate.java:349)
	at org.springframework.context.support.PostProcessorRegistrationDelegate.invokeBeanFactoryPostProcessors(PostProcessorRegistrationDelegate.java:118)
	at org.springframework.context.support.AbstractApplicationContext.invokeBeanFactoryPostProcessors(AbstractApplicationContext.java:789)
	at org.springframework.context.support.AbstractApplicationContext.refresh(AbstractApplicationContext.java:607)
	at org.springframework.boot.SpringApplication.refresh(SpringApplication.java:754)
	at org.springframework.boot.SpringApplication.refreshContext(SpringApplication.java:456)
	at org.springframework.boot.SpringApplication.run(SpringApplication.java:335)
	at org.springframework.boot.test.context.SpringBootContextLoader.lambda$loadContext$3(SpringBootContextLoader.java:137)
	at org.springframework.util.function.ThrowingSupplier.get(ThrowingSupplier.java:58)
	at org.springframework.util.function.ThrowingSupplier.get(ThrowingSupplier.java:46)
	at org.springframework.boot.SpringApplication.withHook(SpringApplication.java:1463)
	at org.springframework.boot.test.context.SpringBootContextLoader$ContextLoaderHook.run(SpringBootContextLoader.java:553)
	at org.springframework.boot.test.context.SpringBootContextLoader.loadContext(SpringBootContextLoader.java:137)
	at org.springframework.boot.test.context.SpringBootContextLoader.loadContext(SpringBootContextLoader.java:108)
	at org.springframework.test.context.cache.DefaultCacheAwareContextLoaderDelegate.loadContextInternal(DefaultCacheAwareContextLoaderDelegate.java:225)
	at org.springframework.test.context.cache.DefaultCacheAwareContextLoaderDelegate.loadContext(DefaultCacheAwareContextLoaderDelegate.java:152)
	... 17 more
Caused by: org.springframework.context.annotation.ConflictingBeanDefinitionException: Annotation-specified bean name 'mvcConfig' for bean class [com.hmall.common.config.MvcConfig] conflicts with existing, non-compatible bean definition of same name and class [com.hmall.config.MvcConfig]
	at org.springframework.context.annotation.ClassPathBeanDefinitionScanner.checkCandidate(ClassPathBeanDefinitionScanner.java:361)
	at org.springframework.context.annotation.ClassPathBeanDefinitionScanner.doScan(ClassPathBeanDefinitionScanner.java:288)
	at org.springframework.context.annotation.ComponentScanAnnotationParser.parse(ComponentScanAnnotationParser.java:128)
	at org.springframework.context.annotation.ConfigurationClassParser.doProcessConfigurationClass(ConfigurationClassParser.java:306)
	at org.springframework.context.annotation.ConfigurationClassParser.processConfigurationClass(ConfigurationClassParser.java:246)
	at org.springframework.context.annotation.ConfigurationClassParser.parse(ConfigurationClassParser.java:197)
	at org.springframework.context.annotation.ConfigurationClassParser.parse(ConfigurationClassParser.java:165)
	... 35 more
]]></error>
    <system-out><![CDATA[22:40:54.959 [main] INFO org.springframework.test.context.support.AnnotationConfigContextLoaderUtils -- Could not detect default configuration classes for test class [com.hmall.service.impl.ItemServiceImplTest]: ItemServiceImplTest does not declare any static, non-private, non-final, nested classes annotated with @Configuration.
22:40:55.128 [main] INFO org.springframework.boot.test.context.SpringBootTestContextBootstrapper -- Found @SpringBootConfiguration com.hmall.HMallApplication for test class com.hmall.service.impl.ItemServiceImplTest

  .   ____          _            __ _ _
 /\\ / ___'_ __ _ _(_)_ __  __ _ \ \ \ \
( ( )\___ | '_ | '_| | '_ \/ _` | \ \ \ \
 \\/  ___)| |_)| | | | | || (_| |  ) ) ) )
  '  |____| .__|_| |_|_| |_\__, | / / / /
 =========|_|==============|___/=/_/_/_/
 :: Spring Boot ::               (v3.2.10)

22:40:56:940  INFO 36408 --- [hm-service] [           main] c.h.service.impl.ItemServiceImplTest     : Starting ItemServiceImplTest using Java 21.0.9 with PID 36408 (started by xuan in D:\CodingFiles\Java\SpringCloud\hmall\hm-service)
22:40:56:954 DEBUG 36408 --- [hm-service] [           main] c.h.service.impl.ItemServiceImplTest     : Running with Spring Boot v3.2.10, Spring v6.1.13
22:40:56:956  INFO 36408 --- [hm-service] [           main] c.h.service.impl.ItemServiceImplTest     : The following 1 profile is active: "dev"
22:40:57:310  WARN 36408 --- [hm-service] [           main] o.s.w.c.s.GenericWebApplicationContext   : Exception encountered during context initialization - cancelling refresh attempt: org.springframework.beans.factory.BeanDefinitionStoreException: Failed to parse configuration class [com.hmall.HMallApplication]
22:40:57:637  INFO 36408 --- [hm-service] [           main] .s.b.a.l.ConditionEvaluationReportLogger : 

Error starting ApplicationContext. To display the condition evaluation report re-run your application with 'debug' enabled.
22:40:57:668 ERROR 36408 --- [hm-service] [           main] o.s.boot.SpringApplication               : Application run failed

org.springframework.beans.factory.BeanDefinitionStoreException: Failed to parse configuration class [com.hmall.HMallApplication]
	at org.springframework.context.annotation.ConfigurationClassParser.parse(ConfigurationClassParser.java:179) ~[spring-context-6.1.13.jar:6.1.13]
	at org.springframework.context.annotation.ConfigurationClassPostProcessor.processConfigBeanDefinitions(ConfigurationClassPostProcessor.java:417) ~[spring-context-6.1.13.jar:6.1.13]
	at org.springframework.context.annotation.ConfigurationClassPostProcessor.postProcessBeanDefinitionRegistry(ConfigurationClassPostProcessor.java:290) ~[spring-context-6.1.13.jar:6.1.13]
	at org.springframework.context.support.PostProcessorRegistrationDelegate.invokeBeanDefinitionRegistryPostProcessors(PostProcessorRegistrationDelegate.java:349) ~[spring-context-6.1.13.jar:6.1.13]
	at org.springframework.context.support.PostProcessorRegistrationDelegate.invokeBeanFactoryPostProcessors(PostProcessorRegistrationDelegate.java:118) ~[spring-context-6.1.13.jar:6.1.13]
	at org.springframework.context.support.AbstractApplicationContext.invokeBeanFactoryPostProcessors(AbstractApplicationContext.java:789) ~[spring-context-6.1.13.jar:6.1.13]
	at org.springframework.context.support.AbstractApplicationContext.refresh(AbstractApplicationContext.java:607) ~[spring-context-6.1.13.jar:6.1.13]
	at org.springframework.boot.SpringApplication.refresh(SpringApplication.java:754) ~[spring-boot-3.2.10.jar:3.2.10]
	at org.springframework.boot.SpringApplication.refreshContext(SpringApplication.java:456) ~[spring-boot-3.2.10.jar:3.2.10]
	at org.springframework.boot.SpringApplication.run(SpringApplication.java:335) ~[spring-boot-3.2.10.jar:3.2.10]
	at org.springframework.boot.test.context.SpringBootContextLoader.lambda$loadContext$3(SpringBootContextLoader.java:137) ~[spring-boot-test-3.2.10.jar:3.2.10]
	at org.springframework.util.function.ThrowingSupplier.get(ThrowingSupplier.java:58) ~[spring-core-6.1.13.jar:6.1.13]
	at org.springframework.util.function.ThrowingSupplier.get(ThrowingSupplier.java:46) ~[spring-core-6.1.13.jar:6.1.13]
	at org.springframework.boot.SpringApplication.withHook(SpringApplication.java:1463) ~[spring-boot-3.2.10.jar:3.2.10]
	at org.springframework.boot.test.context.SpringBootContextLoader$ContextLoaderHook.run(SpringBootContextLoader.java:553) ~[spring-boot-test-3.2.10.jar:3.2.10]
	at org.springframework.boot.test.context.SpringBootContextLoader.loadContext(SpringBootContextLoader.java:137) ~[spring-boot-test-3.2.10.jar:3.2.10]
	at org.springframework.boot.test.context.SpringBootContextLoader.loadContext(SpringBootContextLoader.java:108) ~[spring-boot-test-3.2.10.jar:3.2.10]
	at org.springframework.test.context.cache.DefaultCacheAwareContextLoaderDelegate.loadContextInternal(DefaultCacheAwareContextLoaderDelegate.java:225) ~[spring-test-6.1.13.jar:6.1.13]
	at org.springframework.test.context.cache.DefaultCacheAwareContextLoaderDelegate.loadContext(DefaultCacheAwareContextLoaderDelegate.java:152) ~[spring-test-6.1.13.jar:6.1.13]
	at org.springframework.test.context.support.DefaultTestContext.getApplicationContext(DefaultTestContext.java:130) ~[spring-test-6.1.13.jar:6.1.13]
	at org.springframework.test.context.web.ServletTestExecutionListener.setUpRequestContextIfNecessary(ServletTestExecutionListener.java:191) ~[spring-test-6.1.13.jar:6.1.13]
	at org.springframework.test.context.web.ServletTestExecutionListener.prepareTestInstance(ServletTestExecutionListener.java:130) ~[spring-test-6.1.13.jar:6.1.13]
	at org.springframework.test.context.TestContextManager.prepareTestInstance(TestContextManager.java:260) ~[spring-test-6.1.13.jar:6.1.13]
	at org.springframework.test.context.junit.jupiter.SpringExtension.postProcessTestInstance(SpringExtension.java:163) ~[spring-test-6.1.13.jar:6.1.13]
	at org.junit.jupiter.engine.descriptor.ClassBasedTestDescriptor.lambda$invokeTestInstancePostProcessors$10(ClassBasedTestDescriptor.java:378) ~[junit-jupiter-engine-5.10.3.jar:5.10.3]
	at org.junit.jupiter.engine.descriptor.ClassBasedTestDescriptor.executeAndMaskThrowable(ClassBasedTestDescriptor.java:383) ~[junit-jupiter-engine-5.10.3.jar:5.10.3]
	at org.junit.jupiter.engine.descriptor.ClassBasedTestDescriptor.lambda$invokeTestInstancePostProcessors$11(ClassBasedTestDescriptor.java:378) ~[junit-jupiter-engine-5.10.3.jar:5.10.3]
	at java.base/java.util.stream.ReferencePipeline$3$1.accept(ReferencePipeline.java:197) ~[na:na]
	at java.base/java.util.stream.ReferencePipeline$2$1.accept(ReferencePipeline.java:179) ~[na:na]
	at java.base/java.util.ArrayList$ArrayListSpliterator.forEachRemaining(ArrayList.java:1708) ~[na:na]
	at java.base/java.util.stream.AbstractPipeline.copyInto(AbstractPipeline.java:509) ~[na:na]
	at java.base/java.util.stream.AbstractPipeline.wrapAndCopyInto(AbstractPipeline.java:499) ~[na:na]
	at java.base/java.util.stream.StreamSpliterators$WrappingSpliterator.forEachRemaining(StreamSpliterators.java:310) ~[na:na]
	at java.base/java.util.stream.Streams$ConcatSpliterator.forEachRemaining(Streams.java:735) ~[na:na]
	at java.base/java.util.stream.Streams$ConcatSpliterator.forEachRemaining(Streams.java:734) ~[na:na]
	at java.base/java.util.stream.ReferencePipeline$Head.forEach(ReferencePipeline.java:762) ~[na:na]
	at org.junit.jupiter.engine.descriptor.ClassBasedTestDescriptor.invokeTestInstancePostProcessors(ClassBasedTestDescriptor.java:377) ~[junit-jupiter-engine-5.10.3.jar:5.10.3]
	at org.junit.jupiter.engine.descriptor.ClassBasedTestDescriptor.lambda$instantiateAndPostProcessTestInstance$6(ClassBasedTestDescriptor.java:290) ~[junit-jupiter-engine-5.10.3.jar:5.10.3]
	at org.junit.platform.engine.support.hierarchical.ThrowableCollector.execute(ThrowableCollector.java:73) ~[junit-platform-engine-1.10.3.jar:1.10.3]
	at org.junit.jupiter.engine.descriptor.ClassBasedTestDescriptor.instantiateAndPostProcessTestInstance(ClassBasedTestDescriptor.java:289) ~[junit-jupiter-engine-5.10.3.jar:5.10.3]
	at org.junit.jupiter.engine.descriptor.ClassBasedTestDescriptor.lambda$testInstancesProvider$4(ClassBasedTestDescriptor.java:279) ~[junit-jupiter-engine-5.10.3.jar:5.10.3]
	at java.base/java.util.Optional.orElseGet(Optional.java:364) ~[na:na]
	at org.junit.jupiter.engine.descriptor.ClassBasedTestDescriptor.lambda$testInstancesProvider$5(ClassBasedTestDescriptor.java:278) ~[junit-jupiter-engine-5.10.3.jar:5.10.3]
	at org.junit.jupiter.engine.execution.TestInstancesProvider.getTestInstances(TestInstancesProvider.java:31) ~[junit-jupiter-engine-5.10.3.jar:5.10.3]
	at org.junit.jupiter.engine.descriptor.TestMethodTestDescriptor.lambda$prepare$0(TestMethodTestDescriptor.java:106) ~[junit-jupiter-engine-5.10.3.jar:5.10.3]
	at org.junit.platform.engine.support.hierarchical.ThrowableCollector.execute(ThrowableCollector.java:73) ~[junit-platform-engine-1.10.3.jar:1.10.3]
	at org.junit.jupiter.engine.descriptor.TestMethodTestDescriptor.prepare(TestMethodTestDescriptor.java:105) ~[junit-jupiter-engine-5.10.3.jar:5.10.3]
	at org.junit.jupiter.engine.descriptor.TestMethodTestDescriptor.prepare(TestMethodTestDescriptor.java:69) ~[junit-jupiter-engine-5.10.3.jar:5.10.3]
	at org.junit.platform.engine.support.hierarchical.NodeTestTask.lambda$prepare$2(NodeTestTask.java:123) ~[junit-platform-engine-1.10.3.jar:1.10.3]
	at org.junit.platform.engine.support.hierarchical.ThrowableCollector.execute(ThrowableCollector.java:73) ~[junit-platform-engine-1.10.3.jar:1.10.3]
	at org.junit.platform.engine.support.hierarchical.NodeTestTask.prepare(NodeTestTask.java:123) ~[junit-platform-engine-1.10.3.jar:1.10.3]
	at org.junit.platform.engine.support.hierarchical.NodeTestTask.execute(NodeTestTask.java:90) ~[junit-platform-engine-1.10.3.jar:1.10.3]
	at java.base/java.util.ArrayList.forEach(ArrayList.java:1596) ~[na:na]
	at org.junit.platform.engine.support.hierarchical.SameThreadHierarchicalTestExecutorService.invokeAll(SameThreadHierarchicalTestExecutorService.java:41) ~[junit-platform-engine-1.10.3.jar:1.10.3]
	at org.junit.platform.engine.support.hierarchical.NodeTestTask.lambda$executeRecursively$6(NodeTestTask.java:155) ~[junit-platform-engine-1.10.3.jar:1.10.3]
	at org.junit.platform.engine.support.hierarchical.ThrowableCollector.execute(ThrowableCollector.java:73) ~[junit-platform-engine-1.10.3.jar:1.10.3]
	at org.junit.platform.engine.support.hierarchical.NodeTestTask.lambda$executeRecursively$8(NodeTestTask.java:141) ~[junit-platform-engine-1.10.3.jar:1.10.3]
	at org.junit.platform.engine.support.hierarchical.Node.around(Node.java:137) ~[junit-platform-engine-1.10.3.jar:1.10.3]
	at org.junit.platform.engine.support.hierarchical.NodeTestTask.lambda$executeRecursively$9(NodeTestTask.java:139) ~[junit-platform-engine-1.10.3.jar:1.10.3]
	at org.junit.platform.engine.support.hierarchical.ThrowableCollector.execute(ThrowableCollector.java:73) ~[junit-platform-engine-1.10.3.jar:1.10.3]
	at org.junit.platform.engine.support.hierarchical.NodeTestTask.executeRecursively(NodeTestTask.java:138) ~[junit-platform-engine-1.10.3.jar:1.10.3]
	at org.junit.platform.engine.support.hierarchical.NodeTestTask.execute(NodeTestTask.java:95) ~[junit-platform-engine-1.10.3.jar:1.10.3]
	at java.base/java.util.ArrayList.forEach(ArrayList.java:1596) ~[na:na]
	at org.junit.platform.engine.support.hierarchical.SameThreadHierarchicalTestExecutorService.invokeAll(SameThreadHierarchicalTestExecutorService.java:41) ~[junit-platform-engine-1.10.3.jar:1.10.3]
	at org.junit.platform.engine.support.hierarchical.NodeTestTask.lambda$executeRecursively$6(NodeTestTask.java:155) ~[junit-platform-engine-1.10.3.jar:1.10.3]
	at org.junit.platform.engine.support.hierarchical.ThrowableCollector.execute(ThrowableCollector.java:73) ~[junit-platform-engine-1.10.3.jar:1.10.3]
	at org.junit.platform.engine.support.hierarchical.NodeTestTask.lambda$executeRecursively$8(NodeTestTask.java:141) ~[junit-platform-engine-1.10.3.jar:1.10.3]
	at org.junit.platform.engine.support.hierarchical.Node.around(Node.java:137) ~[junit-platform-engine-1.10.3.jar:1.10.3]
	at org.junit.platform.engine.support.hierarchical.NodeTestTask.lambda$executeRecursively$9(NodeTestTask.java:139) ~[junit-platform-engine-1.10.3.jar:1.10.3]
	at org.junit.platform.engine.support.hierarchical.ThrowableCollector.execute(ThrowableCollector.java:73) ~[junit-platform-engine-1.10.3.jar:1.10.3]
	at org.junit.platform.engine.support.hierarchical.NodeTestTask.executeRecursively(NodeTestTask.java:138) ~[junit-platform-engine-1.10.3.jar:1.10.3]
	at org.junit.platform.engine.support.hierarchical.NodeTestTask.execute(NodeTestTask.java:95) ~[junit-platform-engine-1.10.3.jar:1.10.3]
	at org.junit.platform.engine.support.hierarchical.SameThreadHierarchicalTestExecutorService.submit(SameThreadHierarchicalTestExecutorService.java:35) ~[junit-platform-engine-1.10.3.jar:1.10.3]
	at org.junit.platform.engine.support.hierarchical.HierarchicalTestExecutor.execute(HierarchicalTestExecutor.java:57) ~[junit-platform-engine-1.10.3.jar:1.10.3]
	at org.junit.platform.engine.support.hierarchical.HierarchicalTestEngine.execute(HierarchicalTestEngine.java:54) ~[junit-platform-engine-1.10.3.jar:1.10.3]
	at org.junit.platform.launcher.core.EngineExecutionOrchestrator.execute(EngineExecutionOrchestrator.java:198) ~[junit-platform-launcher-1.10.3.jar:1.10.3]
	at org.junit.platform.launcher.core.EngineExecutionOrchestrator.execute(EngineExecutionOrchestrator.java:169) ~[junit-platform-launcher-1.10.3.jar:1.10.3]
	at org.junit.platform.launcher.core.EngineExecutionOrchestrator.execute(EngineExecutionOrchestrator.java:93) ~[junit-platform-launcher-1.10.3.jar:1.10.3]
	at org.junit.platform.launcher.core.EngineExecutionOrchestrator.lambda$execute$0(EngineExecutionOrchestrator.java:58) ~[junit-platform-launcher-1.10.3.jar:1.10.3]
	at org.junit.platform.launcher.core.EngineExecutionOrchestrator.withInterceptedStreams(EngineExecutionOrchestrator.java:141) ~[junit-platform-launcher-1.10.3.jar:1.10.3]
	at org.junit.platform.launcher.core.EngineExecutionOrchestrator.execute(EngineExecutionOrchestrator.java:57) ~[junit-platform-launcher-1.10.3.jar:1.10.3]
	at org.junit.platform.launcher.core.DefaultLauncher.execute(DefaultLauncher.java:103) ~[junit-platform-launcher-1.10.3.jar:1.10.3]
	at org.junit.platform.launcher.core.DefaultLauncher.execute(DefaultLauncher.java:85) ~[junit-platform-launcher-1.10.3.jar:1.10.3]
	at org.junit.platform.launcher.core.DelegatingLauncher.execute(DelegatingLauncher.java:47) ~[junit-platform-launcher-1.10.3.jar:1.10.3]
	at org.apache.maven.surefire.junitplatform.LazyLauncher.execute(LazyLauncher.java:56) ~[surefire-junit-platform-3.1.2.jar:3.1.2]
	at org.apache.maven.surefire.junitplatform.JUnitPlatformProvider.execute(JUnitPlatformProvider.java:184) ~[surefire-junit-platform-3.1.2.jar:3.1.2]
	at org.apache.maven.surefire.junitplatform.JUnitPlatformProvider.invokeAllTests(JUnitPlatformProvider.java:148) ~[surefire-junit-platform-3.1.2.jar:3.1.2]
	at org.apache.maven.surefire.junitplatform.JUnitPlatformProvider.invoke(JUnitPlatformProvider.java:122) ~[surefire-junit-platform-3.1.2.jar:3.1.2]
	at org.apache.maven.surefire.booter.ForkedBooter.runSuitesInProcess(ForkedBooter.java:385) ~[surefire-booter-3.1.2.jar:3.1.2]
	at org.apache.maven.surefire.booter.ForkedBooter.execute(ForkedBooter.java:162) ~[surefire-booter-3.1.2.jar:3.1.2]
	at org.apache.maven.surefire.booter.ForkedBooter.run(ForkedBooter.java:507) ~[surefire-booter-3.1.2.jar:3.1.2]
	at org.apache.maven.surefire.booter.ForkedBooter.main(ForkedBooter.java:495) ~[surefire-booter-3.1.2.jar:3.1.2]
Caused by: org.springframework.context.annotation.ConflictingBeanDefinitionException: Annotation-specified bean name 'mvcConfig' for bean class [com.hmall.common.config.MvcConfig] conflicts with existing, non-compatible bean definition of same name and class [com.hmall.config.MvcConfig]
	at org.springframework.context.annotation.ClassPathBeanDefinitionScanner.checkCandidate(ClassPathBeanDefinitionScanner.java:361) ~[spring-context-6.1.13.jar:6.1.13]
	at org.springframework.context.annotation.ClassPathBeanDefinitionScanner.doScan(ClassPathBeanDefinitionScanner.java:288) ~[spring-context-6.1.13.jar:6.1.13]
	at org.springframework.context.annotation.ComponentScanAnnotationParser.parse(ComponentScanAnnotationParser.java:128) ~[spring-context-6.1.13.jar:6.1.13]
	at org.springframework.context.annotation.ConfigurationClassParser.doProcessConfigurationClass(ConfigurationClassParser.java:306) ~[spring-context-6.1.13.jar:6.1.13]
	at org.springframework.context.annotation.ConfigurationClassParser.processConfigurationClass(ConfigurationClassParser.java:246) ~[spring-context-6.1.13.jar:6.1.13]
	at org.springframework.context.annotation.ConfigurationClassParser.parse(ConfigurationClassParser.java:197) ~[spring-context-6.1.13.jar:6.1.13]
	at org.springframework.context.annotation.ConfigurationClassParser.parse(ConfigurationClassParser.java:165) ~[spring-context-6.1.13.jar:6.1.13]
	... 91 common frames omitted

22:40:57:680  WARN 36408 --- [hm-service] [           main] o.s.test.context.TestContextManager      : Caught exception while allowing TestExecutionListener [org.springframework.test.context.web.ServletTestExecutionListener] to prepare test instance [com.hmall.service.impl.ItemServiceImplTest@5e1fc2aa]

java.lang.IllegalStateException: Failed to load ApplicationContext for [WebMergedContextConfiguration@36c0d0bd testClass = com.hmall.service.impl.ItemServiceImplTest, locations = [], classes = [com.hmall.HMallApplication], contextInitializerClasses = [], activeProfiles = [], propertySourceDescriptors = [], propertySourceProperties = ["org.springframework.boot.test.context.SpringBootTestContextBootstrapper=true"], contextCustomizers = [org.springframework.boot.test.context.filter.ExcludeFilterContextCustomizer@3697186, org.springframework.boot.test.json.DuplicateJsonObjectContextCustomizerFactory$DuplicateJsonObjectContextCustomizer@46b61c56, org.springframework.boot.test.mock.mockito.MockitoContextCustomizer@0, org.springframework.boot.test.web.client.TestRestTemplateContextCustomizer@12359a82, org.springframework.boot.test.web.reactor.netty.DisableReactorResourceFactoryGlobalResourcesContextCustomizerFactory$DisableReactorResourceFactoryGlobalResourcesContextCustomizerCustomizer@401f7633, org.springframework.boot.test.autoconfigure.actuate.observability.ObservabilityContextCustomizerFactory$DisableObservabilityContextCustomizer@1f, org.springframework.boot.test.autoconfigure.properties.PropertyMappingContextCustomizer@0, org.springframework.boot.test.autoconfigure.web.servlet.WebDriverContextCustomizer@21337f7b, org.springframework.boot.test.context.SpringBootTestAnnotation@2e79a655], resourceBasePath = "src/main/webapp", contextLoader = org.springframework.boot.test.context.SpringBootContextLoader, parent = null]
	at org.springframework.test.context.cache.DefaultCacheAwareContextLoaderDelegate.loadContext(DefaultCacheAwareContextLoaderDelegate.java:180) ~[spring-test-6.1.13.jar:6.1.13]
	at org.springframework.test.context.support.DefaultTestContext.getApplicationContext(DefaultTestContext.java:130) ~[spring-test-6.1.13.jar:6.1.13]
	at org.springframework.test.context.web.ServletTestExecutionListener.setUpRequestContextIfNecessary(ServletTestExecutionListener.java:191) ~[spring-test-6.1.13.jar:6.1.13]
	at org.springframework.test.context.web.ServletTestExecutionListener.prepareTestInstance(ServletTestExecutionListener.java:130) ~[spring-test-6.1.13.jar:6.1.13]
	at org.springframework.test.context.TestContextManager.prepareTestInstance(TestContextManager.java:260) ~[spring-test-6.1.13.jar:6.1.13]
	at org.springframework.test.context.junit.jupiter.SpringExtension.postProcessTestInstance(SpringExtension.java:163) ~[spring-test-6.1.13.jar:6.1.13]
	at org.junit.jupiter.engine.descriptor.ClassBasedTestDescriptor.lambda$invokeTestInstancePostProcessors$10(ClassBasedTestDescriptor.java:378) ~[junit-jupiter-engine-5.10.3.jar:5.10.3]
	at org.junit.jupiter.engine.descriptor.ClassBasedTestDescriptor.executeAndMaskThrowable(ClassBasedTestDescriptor.java:383) ~[junit-jupiter-engine-5.10.3.jar:5.10.3]
	at org.junit.jupiter.engine.descriptor.ClassBasedTestDescriptor.lambda$invokeTestInstancePostProcessors$11(ClassBasedTestDescriptor.java:378) ~[junit-jupiter-engine-5.10.3.jar:5.10.3]
	at java.base/java.util.stream.ReferencePipeline$3$1.accept(ReferencePipeline.java:197) ~[na:na]
	at java.base/java.util.stream.ReferencePipeline$2$1.accept(ReferencePipeline.java:179) ~[na:na]
	at java.base/java.util.ArrayList$ArrayListSpliterator.forEachRemaining(ArrayList.java:1708) ~[na:na]
	at java.base/java.util.stream.AbstractPipeline.copyInto(AbstractPipeline.java:509) ~[na:na]
	at java.base/java.util.stream.AbstractPipeline.wrapAndCopyInto(AbstractPipeline.java:499) ~[na:na]
	at java.base/java.util.stream.StreamSpliterators$WrappingSpliterator.forEachRemaining(StreamSpliterators.java:310) ~[na:na]
	at java.base/java.util.stream.Streams$ConcatSpliterator.forEachRemaining(Streams.java:735) ~[na:na]
	at java.base/java.util.stream.Streams$ConcatSpliterator.forEachRemaining(Streams.java:734) ~[na:na]
	at java.base/java.util.stream.ReferencePipeline$Head.forEach(ReferencePipeline.java:762) ~[na:na]
	at org.junit.jupiter.engine.descriptor.ClassBasedTestDescriptor.invokeTestInstancePostProcessors(ClassBasedTestDescriptor.java:377) ~[junit-jupiter-engine-5.10.3.jar:5.10.3]
	at org.junit.jupiter.engine.descriptor.ClassBasedTestDescriptor.lambda$instantiateAndPostProcessTestInstance$6(ClassBasedTestDescriptor.java:290) ~[junit-jupiter-engine-5.10.3.jar:5.10.3]
	at org.junit.platform.engine.support.hierarchical.ThrowableCollector.execute(ThrowableCollector.java:73) ~[junit-platform-engine-1.10.3.jar:1.10.3]
	at org.junit.jupiter.engine.descriptor.ClassBasedTestDescriptor.instantiateAndPostProcessTestInstance(ClassBasedTestDescriptor.java:289) ~[junit-jupiter-engine-5.10.3.jar:5.10.3]
	at org.junit.jupiter.engine.descriptor.ClassBasedTestDescriptor.lambda$testInstancesProvider$4(ClassBasedTestDescriptor.java:279) ~[junit-jupiter-engine-5.10.3.jar:5.10.3]
	at java.base/java.util.Optional.orElseGet(Optional.java:364) ~[na:na]
	at org.junit.jupiter.engine.descriptor.ClassBasedTestDescriptor.lambda$testInstancesProvider$5(ClassBasedTestDescriptor.java:278) ~[junit-jupiter-engine-5.10.3.jar:5.10.3]
	at org.junit.jupiter.engine.execution.TestInstancesProvider.getTestInstances(TestInstancesProvider.java:31) ~[junit-jupiter-engine-5.10.3.jar:5.10.3]
	at org.junit.jupiter.engine.descriptor.TestMethodTestDescriptor.lambda$prepare$0(TestMethodTestDescriptor.java:106) ~[junit-jupiter-engine-5.10.3.jar:5.10.3]
	at org.junit.platform.engine.support.hierarchical.ThrowableCollector.execute(ThrowableCollector.java:73) ~[junit-platform-engine-1.10.3.jar:1.10.3]
	at org.junit.jupiter.engine.descriptor.TestMethodTestDescriptor.prepare(TestMethodTestDescriptor.java:105) ~[junit-jupiter-engine-5.10.3.jar:5.10.3]
	at org.junit.jupiter.engine.descriptor.TestMethodTestDescriptor.prepare(TestMethodTestDescriptor.java:69) ~[junit-jupiter-engine-5.10.3.jar:5.10.3]
	at org.junit.platform.engine.support.hierarchical.NodeTestTask.lambda$prepare$2(NodeTestTask.java:123) ~[junit-platform-engine-1.10.3.jar:1.10.3]
	at org.junit.platform.engine.support.hierarchical.ThrowableCollector.execute(ThrowableCollector.java:73) ~[junit-platform-engine-1.10.3.jar:1.10.3]
	at org.junit.platform.engine.support.hierarchical.NodeTestTask.prepare(NodeTestTask.java:123) ~[junit-platform-engine-1.10.3.jar:1.10.3]
	at org.junit.platform.engine.support.hierarchical.NodeTestTask.execute(NodeTestTask.java:90) ~[junit-platform-engine-1.10.3.jar:1.10.3]
	at java.base/java.util.ArrayList.forEach(ArrayList.java:1596) ~[na:na]
	at org.junit.platform.engine.support.hierarchical.SameThreadHierarchicalTestExecutorService.invokeAll(SameThreadHierarchicalTestExecutorService.java:41) ~[junit-platform-engine-1.10.3.jar:1.10.3]
	at org.junit.platform.engine.support.hierarchical.NodeTestTask.lambda$executeRecursively$6(NodeTestTask.java:155) ~[junit-platform-engine-1.10.3.jar:1.10.3]
	at org.junit.platform.engine.support.hierarchical.ThrowableCollector.execute(ThrowableCollector.java:73) ~[junit-platform-engine-1.10.3.jar:1.10.3]
	at org.junit.platform.engine.support.hierarchical.NodeTestTask.lambda$executeRecursively$8(NodeTestTask.java:141) ~[junit-platform-engine-1.10.3.jar:1.10.3]
	at org.junit.platform.engine.support.hierarchical.Node.around(Node.java:137) ~[junit-platform-engine-1.10.3.jar:1.10.3]
	at org.junit.platform.engine.support.hierarchical.NodeTestTask.lambda$executeRecursively$9(NodeTestTask.java:139) ~[junit-platform-engine-1.10.3.jar:1.10.3]
	at org.junit.platform.engine.support.hierarchical.ThrowableCollector.execute(ThrowableCollector.java:73) ~[junit-platform-engine-1.10.3.jar:1.10.3]
	at org.junit.platform.engine.support.hierarchical.NodeTestTask.executeRecursively(NodeTestTask.java:138) ~[junit-platform-engine-1.10.3.jar:1.10.3]
	at org.junit.platform.engine.support.hierarchical.NodeTestTask.execute(NodeTestTask.java:95) ~[junit-platform-engine-1.10.3.jar:1.10.3]
	at java.base/java.util.ArrayList.forEach(ArrayList.java:1596) ~[na:na]
	at org.junit.platform.engine.support.hierarchical.SameThreadHierarchicalTestExecutorService.invokeAll(SameThreadHierarchicalTestExecutorService.java:41) ~[junit-platform-engine-1.10.3.jar:1.10.3]
	at org.junit.platform.engine.support.hierarchical.NodeTestTask.lambda$executeRecursively$6(NodeTestTask.java:155) ~[junit-platform-engine-1.10.3.jar:1.10.3]
	at org.junit.platform.engine.support.hierarchical.ThrowableCollector.execute(ThrowableCollector.java:73) ~[junit-platform-engine-1.10.3.jar:1.10.3]
	at org.junit.platform.engine.support.hierarchical.NodeTestTask.lambda$executeRecursively$8(NodeTestTask.java:141) ~[junit-platform-engine-1.10.3.jar:1.10.3]
	at org.junit.platform.engine.support.hierarchical.Node.around(Node.java:137) ~[junit-platform-engine-1.10.3.jar:1.10.3]
	at org.junit.platform.engine.support.hierarchical.NodeTestTask.lambda$executeRecursively$9(NodeTestTask.java:139) ~[junit-platform-engine-1.10.3.jar:1.10.3]
	at org.junit.platform.engine.support.hierarchical.ThrowableCollector.execute(ThrowableCollector.java:73) ~[junit-platform-engine-1.10.3.jar:1.10.3]
	at org.junit.platform.engine.support.hierarchical.NodeTestTask.executeRecursively(NodeTestTask.java:138) ~[junit-platform-engine-1.10.3.jar:1.10.3]
	at org.junit.platform.engine.support.hierarchical.NodeTestTask.execute(NodeTestTask.java:95) ~[junit-platform-engine-1.10.3.jar:1.10.3]
	at org.junit.platform.engine.support.hierarchical.SameThreadHierarchicalTestExecutorService.submit(SameThreadHierarchicalTestExecutorService.java:35) ~[junit-platform-engine-1.10.3.jar:1.10.3]
	at org.junit.platform.engine.support.hierarchical.HierarchicalTestExecutor.execute(HierarchicalTestExecutor.java:57) ~[junit-platform-engine-1.10.3.jar:1.10.3]
	at org.junit.platform.engine.support.hierarchical.HierarchicalTestEngine.execute(HierarchicalTestEngine.java:54) ~[junit-platform-engine-1.10.3.jar:1.10.3]
	at org.junit.platform.launcher.core.EngineExecutionOrchestrator.execute(EngineExecutionOrchestrator.java:198) ~[junit-platform-launcher-1.10.3.jar:1.10.3]
	at org.junit.platform.launcher.core.EngineExecutionOrchestrator.execute(EngineExecutionOrchestrator.java:169) ~[junit-platform-launcher-1.10.3.jar:1.10.3]
	at org.junit.platform.launcher.core.EngineExecutionOrchestrator.execute(EngineExecutionOrchestrator.java:93) ~[junit-platform-launcher-1.10.3.jar:1.10.3]
	at org.junit.platform.launcher.core.EngineExecutionOrchestrator.lambda$execute$0(EngineExecutionOrchestrator.java:58) ~[junit-platform-launcher-1.10.3.jar:1.10.3]
	at org.junit.platform.launcher.core.EngineExecutionOrchestrator.withInterceptedStreams(EngineExecutionOrchestrator.java:141) ~[junit-platform-launcher-1.10.3.jar:1.10.3]
	at org.junit.platform.launcher.core.EngineExecutionOrchestrator.execute(EngineExecutionOrchestrator.java:57) ~[junit-platform-launcher-1.10.3.jar:1.10.3]
	at org.junit.platform.launcher.core.DefaultLauncher.execute(DefaultLauncher.java:103) ~[junit-platform-launcher-1.10.3.jar:1.10.3]
	at org.junit.platform.launcher.core.DefaultLauncher.execute(DefaultLauncher.java:85) ~[junit-platform-launcher-1.10.3.jar:1.10.3]
	at org.junit.platform.launcher.core.DelegatingLauncher.execute(DelegatingLauncher.java:47) ~[junit-platform-launcher-1.10.3.jar:1.10.3]
	at org.apache.maven.surefire.junitplatform.LazyLauncher.execute(LazyLauncher.java:56) ~[surefire-junit-platform-3.1.2.jar:3.1.2]
	at org.apache.maven.surefire.junitplatform.JUnitPlatformProvider.execute(JUnitPlatformProvider.java:184) ~[surefire-junit-platform-3.1.2.jar:3.1.2]
	at org.apache.maven.surefire.junitplatform.JUnitPlatformProvider.invokeAllTests(JUnitPlatformProvider.java:148) ~[surefire-junit-platform-3.1.2.jar:3.1.2]
	at org.apache.maven.surefire.junitplatform.JUnitPlatformProvider.invoke(JUnitPlatformProvider.java:122) ~[surefire-junit-platform-3.1.2.jar:3.1.2]
	at org.apache.maven.surefire.booter.ForkedBooter.runSuitesInProcess(ForkedBooter.java:385) ~[surefire-booter-3.1.2.jar:3.1.2]
	at org.apache.maven.surefire.booter.ForkedBooter.execute(ForkedBooter.java:162) ~[surefire-booter-3.1.2.jar:3.1.2]
	at org.apache.maven.surefire.booter.ForkedBooter.run(ForkedBooter.java:507) ~[surefire-booter-3.1.2.jar:3.1.2]
	at org.apache.maven.surefire.booter.ForkedBooter.main(ForkedBooter.java:495) ~[surefire-booter-3.1.2.jar:3.1.2]
Caused by: org.springframework.beans.factory.BeanDefinitionStoreException: Failed to parse configuration class [com.hmall.HMallApplication]
	at org.springframework.context.annotation.ConfigurationClassParser.parse(ConfigurationClassParser.java:179) ~[spring-context-6.1.13.jar:6.1.13]
	at org.springframework.context.annotation.ConfigurationClassPostProcessor.processConfigBeanDefinitions(ConfigurationClassPostProcessor.java:417) ~[spring-context-6.1.13.jar:6.1.13]
	at org.springframework.context.annotation.ConfigurationClassPostProcessor.postProcessBeanDefinitionRegistry(ConfigurationClassPostProcessor.java:290) ~[spring-context-6.1.13.jar:6.1.13]
	at org.springframework.context.support.PostProcessorRegistrationDelegate.invokeBeanDefinitionRegistryPostProcessors(PostProcessorRegistrationDelegate.java:349) ~[spring-context-6.1.13.jar:6.1.13]
	at org.springframework.context.support.PostProcessorRegistrationDelegate.invokeBeanFactoryPostProcessors(PostProcessorRegistrationDelegate.java:118) ~[spring-context-6.1.13.jar:6.1.13]
	at org.springframework.context.support.AbstractApplicationContext.invokeBeanFactoryPostProcessors(AbstractApplicationContext.java:789) ~[spring-context-6.1.13.jar:6.1.13]
	at org.springframework.context.support.AbstractApplicationContext.refresh(AbstractApplicationContext.java:607) ~[spring-context-6.1.13.jar:6.1.13]
	at org.springframework.boot.SpringApplication.refresh(SpringApplication.java:754) ~[spring-boot-3.2.10.jar:3.2.10]
	at org.springframework.boot.SpringApplication.refreshContext(SpringApplication.java:456) ~[spring-boot-3.2.10.jar:3.2.10]
	at org.springframework.boot.SpringApplication.run(SpringApplication.java:335) ~[spring-boot-3.2.10.jar:3.2.10]
	at org.springframework.boot.test.context.SpringBootContextLoader.lambda$loadContext$3(SpringBootContextLoader.java:137) ~[spring-boot-test-3.2.10.jar:3.2.10]
	at org.springframework.util.function.ThrowingSupplier.get(ThrowingSupplier.java:58) ~[spring-core-6.1.13.jar:6.1.13]
	at org.springframework.util.function.ThrowingSupplier.get(ThrowingSupplier.java:46) ~[spring-core-6.1.13.jar:6.1.13]
	at org.springframework.boot.SpringApplication.withHook(SpringApplication.java:1463) ~[spring-boot-3.2.10.jar:3.2.10]
	at org.springframework.boot.test.context.SpringBootContextLoader$ContextLoaderHook.run(SpringBootContextLoader.java:553) ~[spring-boot-test-3.2.10.jar:3.2.10]
	at org.springframework.boot.test.context.SpringBootContextLoader.loadContext(SpringBootContextLoader.java:137) ~[spring-boot-test-3.2.10.jar:3.2.10]
	at org.springframework.boot.test.context.SpringBootContextLoader.loadContext(SpringBootContextLoader.java:108) ~[spring-boot-test-3.2.10.jar:3.2.10]
	at org.springframework.test.context.cache.DefaultCacheAwareContextLoaderDelegate.loadContextInternal(DefaultCacheAwareContextLoaderDelegate.java:225) ~[spring-test-6.1.13.jar:6.1.13]
	at org.springframework.test.context.cache.DefaultCacheAwareContextLoaderDelegate.loadContext(DefaultCacheAwareContextLoaderDelegate.java:152) ~[spring-test-6.1.13.jar:6.1.13]
	... 73 common frames omitted
Caused by: org.springframework.context.annotation.ConflictingBeanDefinitionException: Annotation-specified bean name 'mvcConfig' for bean class [com.hmall.common.config.MvcConfig] conflicts with existing, non-compatible bean definition of same name and class [com.hmall.config.MvcConfig]
	at org.springframework.context.annotation.ClassPathBeanDefinitionScanner.checkCandidate(ClassPathBeanDefinitionScanner.java:361) ~[spring-context-6.1.13.jar:6.1.13]
	at org.springframework.context.annotation.ClassPathBeanDefinitionScanner.doScan(ClassPathBeanDefinitionScanner.java:288) ~[spring-context-6.1.13.jar:6.1.13]
	at org.springframework.context.annotation.ComponentScanAnnotationParser.parse(ComponentScanAnnotationParser.java:128) ~[spring-context-6.1.13.jar:6.1.13]
	at org.springframework.context.annotation.ConfigurationClassParser.doProcessConfigurationClass(ConfigurationClassParser.java:306) ~[spring-context-6.1.13.jar:6.1.13]
	at org.springframework.context.annotation.ConfigurationClassParser.processConfigurationClass(ConfigurationClassParser.java:246) ~[spring-context-6.1.13.jar:6.1.13]
	at org.springframework.context.annotation.ConfigurationClassParser.parse(ConfigurationClassParser.java:197) ~[spring-context-6.1.13.jar:6.1.13]
	at org.springframework.context.annotation.ConfigurationClassParser.parse(ConfigurationClassParser.java:165) ~[spring-context-6.1.13.jar:6.1.13]
	... 91 common frames omitted

]]></system-out>
    <system-err><![CDATA[


============================
CONDITIONS EVALUATION REPORT
============================


Positive matches:
-----------------

    None


Negative matches:
-----------------

    None


Exclusions:
-----------

    None


Unconditional classes:
----------------------

    None



]]></system-err>
  </testcase>
  <testcase name="deductStock" classname="com.hmall.service.impl.ItemServiceImplTest" time="0.001">
    <error message="ApplicationContext failure threshold (1) exceeded: skipping repeated attempt to load context for [WebMergedContextConfiguration@36c0d0bd testClass = com.hmall.service.impl.ItemServiceImplTest, locations = [], classes = [com.hmall.HMallApplication], contextInitializerClasses = [], activeProfiles = [], propertySourceDescriptors = [], propertySourceProperties = [&quot;org.springframework.boot.test.context.SpringBootTestContextBootstrapper=true&quot;], contextCustomizers = [org.springframework.boot.test.context.filter.ExcludeFilterContextCustomizer@3697186, org.springframework.boot.test.json.DuplicateJsonObjectContextCustomizerFactory$DuplicateJsonObjectContextCustomizer@46b61c56, org.springframework.boot.test.mock.mockito.MockitoContextCustomizer@0, org.springframework.boot.test.web.client.TestRestTemplateContextCustomizer@12359a82, org.springframework.boot.test.web.reactor.netty.DisableReactorResourceFactoryGlobalResourcesContextCustomizerFactory$DisableReactorResourceFactoryGlobalResourcesContextCustomizerCustomizer@401f7633, org.springframework.boot.test.autoconfigure.actuate.observability.ObservabilityContextCustomizerFactory$DisableObservabilityContextCustomizer@1f, org.springframework.boot.test.autoconfigure.properties.PropertyMappingContextCustomizer@0, org.springframework.boot.test.autoconfigure.web.servlet.WebDriverContextCustomizer@21337f7b, org.springframework.boot.test.context.SpringBootTestAnnotation@2e79a655], resourceBasePath = &quot;src/main/webapp&quot;, contextLoader = org.springframework.boot.test.context.SpringBootContextLoader, parent = null]" type="java.lang.IllegalStateException"><![CDATA[java.lang.IllegalStateException: ApplicationContext failure threshold (1) exceeded: skipping repeated attempt to load context for [WebMergedContextConfiguration@36c0d0bd testClass = com.hmall.service.impl.ItemServiceImplTest, locations = [], classes = [com.hmall.HMallApplication], contextInitializerClasses = [], activeProfiles = [], propertySourceDescriptors = [], propertySourceProperties = ["org.springframework.boot.test.context.SpringBootTestContextBootstrapper=true"], contextCustomizers = [org.springframework.boot.test.context.filter.ExcludeFilterContextCustomizer@3697186, org.springframework.boot.test.json.DuplicateJsonObjectContextCustomizerFactory$DuplicateJsonObjectContextCustomizer@46b61c56, org.springframework.boot.test.mock.mockito.MockitoContextCustomizer@0, org.springframework.boot.test.web.client.TestRestTemplateContextCustomizer@12359a82, org.springframework.boot.test.web.reactor.netty.DisableReactorResourceFactoryGlobalResourcesContextCustomizerFactory$DisableReactorResourceFactoryGlobalResourcesContextCustomizerCustomizer@401f7633, org.springframework.boot.test.autoconfigure.actuate.observability.ObservabilityContextCustomizerFactory$DisableObservabilityContextCustomizer@1f, org.springframework.boot.test.autoconfigure.properties.PropertyMappingContextCustomizer@0, org.springframework.boot.test.autoconfigure.web.servlet.WebDriverContextCustomizer@21337f7b, org.springframework.boot.test.context.SpringBootTestAnnotation@2e79a655], resourceBasePath = "src/main/webapp", contextLoader = org.springframework.boot.test.context.SpringBootContextLoader, parent = null]
	at org.springframework.test.context.cache.DefaultCacheAwareContextLoaderDelegate.loadContext(DefaultCacheAwareContextLoaderDelegate.java:145)
	at org.springframework.test.context.support.DefaultTestContext.getApplicationContext(DefaultTestContext.java:130)
	at org.springframework.test.context.web.ServletTestExecutionListener.setUpRequestContextIfNecessary(ServletTestExecutionListener.java:191)
	at org.springframework.test.context.web.ServletTestExecutionListener.prepareTestInstance(ServletTestExecutionListener.java:130)
	at org.springframework.test.context.TestContextManager.prepareTestInstance(TestContextManager.java:260)
	at org.springframework.test.context.junit.jupiter.SpringExtension.postProcessTestInstance(SpringExtension.java:163)
	at java.base/java.util.stream.ReferencePipeline$3$1.accept(ReferencePipeline.java:197)
	at java.base/java.util.stream.ReferencePipeline$2$1.accept(ReferencePipeline.java:179)
	at java.base/java.util.ArrayList$ArrayListSpliterator.forEachRemaining(ArrayList.java:1708)
	at java.base/java.util.stream.AbstractPipeline.copyInto(AbstractPipeline.java:509)
	at java.base/java.util.stream.AbstractPipeline.wrapAndCopyInto(AbstractPipeline.java:499)
	at java.base/java.util.stream.StreamSpliterators$WrappingSpliterator.forEachRemaining(StreamSpliterators.java:310)
	at java.base/java.util.stream.Streams$ConcatSpliterator.forEachRemaining(Streams.java:735)
	at java.base/java.util.stream.Streams$ConcatSpliterator.forEachRemaining(Streams.java:734)
	at java.base/java.util.stream.ReferencePipeline$Head.forEach(ReferencePipeline.java:762)
	at java.base/java.util.Optional.orElseGet(Optional.java:364)
	at java.base/java.util.ArrayList.forEach(ArrayList.java:1596)
	at java.base/java.util.ArrayList.forEach(ArrayList.java:1596)
]]></error>
    <system-out><![CDATA[22:40:57:693  WARN 36408 --- [hm-service] [           main] o.s.test.context.TestContextManager      : Caught exception while allowing TestExecutionListener [org.springframework.test.context.web.ServletTestExecutionListener] to prepare test instance [com.hmall.service.impl.ItemServiceImplTest@5f117b3d]

java.lang.IllegalStateException: ApplicationContext failure threshold (1) exceeded: skipping repeated attempt to load context for [WebMergedContextConfiguration@36c0d0bd testClass = com.hmall.service.impl.ItemServiceImplTest, locations = [], classes = [com.hmall.HMallApplication], contextInitializerClasses = [], activeProfiles = [], propertySourceDescriptors = [], propertySourceProperties = ["org.springframework.boot.test.context.SpringBootTestContextBootstrapper=true"], contextCustomizers = [org.springframework.boot.test.context.filter.ExcludeFilterContextCustomizer@3697186, org.springframework.boot.test.json.DuplicateJsonObjectContextCustomizerFactory$DuplicateJsonObjectContextCustomizer@46b61c56, org.springframework.boot.test.mock.mockito.MockitoContextCustomizer@0, org.springframework.boot.test.web.client.TestRestTemplateContextCustomizer@12359a82, org.springframework.boot.test.web.reactor.netty.DisableReactorResourceFactoryGlobalResourcesContextCustomizerFactory$DisableReactorResourceFactoryGlobalResourcesContextCustomizerCustomizer@401f7633, org.springframework.boot.test.autoconfigure.actuate.observability.ObservabilityContextCustomizerFactory$DisableObservabilityContextCustomizer@1f, org.springframework.boot.test.autoconfigure.properties.PropertyMappingContextCustomizer@0, org.springframework.boot.test.autoconfigure.web.servlet.WebDriverContextCustomizer@21337f7b, org.springframework.boot.test.context.SpringBootTestAnnotation@2e79a655], resourceBasePath = "src/main/webapp", contextLoader = org.springframework.boot.test.context.SpringBootContextLoader, parent = null]
	at org.springframework.test.context.cache.DefaultCacheAwareContextLoaderDelegate.loadContext(DefaultCacheAwareContextLoaderDelegate.java:145) ~[spring-test-6.1.13.jar:6.1.13]
	at org.springframework.test.context.support.DefaultTestContext.getApplicationContext(DefaultTestContext.java:130) ~[spring-test-6.1.13.jar:6.1.13]
	at org.springframework.test.context.web.ServletTestExecutionListener.setUpRequestContextIfNecessary(ServletTestExecutionListener.java:191) ~[spring-test-6.1.13.jar:6.1.13]
	at org.springframework.test.context.web.ServletTestExecutionListener.prepareTestInstance(ServletTestExecutionListener.java:130) ~[spring-test-6.1.13.jar:6.1.13]
	at org.springframework.test.context.TestContextManager.prepareTestInstance(TestContextManager.java:260) ~[spring-test-6.1.13.jar:6.1.13]
	at org.springframework.test.context.junit.jupiter.SpringExtension.postProcessTestInstance(SpringExtension.java:163) ~[spring-test-6.1.13.jar:6.1.13]
	at org.junit.jupiter.engine.descriptor.ClassBasedTestDescriptor.lambda$invokeTestInstancePostProcessors$10(ClassBasedTestDescriptor.java:378) ~[junit-jupiter-engine-5.10.3.jar:5.10.3]
	at org.junit.jupiter.engine.descriptor.ClassBasedTestDescriptor.executeAndMaskThrowable(ClassBasedTestDescriptor.java:383) ~[junit-jupiter-engine-5.10.3.jar:5.10.3]
	at org.junit.jupiter.engine.descriptor.ClassBasedTestDescriptor.lambda$invokeTestInstancePostProcessors$11(ClassBasedTestDescriptor.java:378) ~[junit-jupiter-engine-5.10.3.jar:5.10.3]
	at java.base/java.util.stream.ReferencePipeline$3$1.accept(ReferencePipeline.java:197) ~[na:na]
	at java.base/java.util.stream.ReferencePipeline$2$1.accept(ReferencePipeline.java:179) ~[na:na]
	at java.base/java.util.ArrayList$ArrayListSpliterator.forEachRemaining(ArrayList.java:1708) ~[na:na]
	at java.base/java.util.stream.AbstractPipeline.copyInto(AbstractPipeline.java:509) ~[na:na]
	at java.base/java.util.stream.AbstractPipeline.wrapAndCopyInto(AbstractPipeline.java:499) ~[na:na]
	at java.base/java.util.stream.StreamSpliterators$WrappingSpliterator.forEachRemaining(StreamSpliterators.java:310) ~[na:na]
	at java.base/java.util.stream.Streams$ConcatSpliterator.forEachRemaining(Streams.java:735) ~[na:na]
	at java.base/java.util.stream.Streams$ConcatSpliterator.forEachRemaining(Streams.java:734) ~[na:na]
	at java.base/java.util.stream.ReferencePipeline$Head.forEach(ReferencePipeline.java:762) ~[na:na]
	at org.junit.jupiter.engine.descriptor.ClassBasedTestDescriptor.invokeTestInstancePostProcessors(ClassBasedTestDescriptor.java:377) ~[junit-jupiter-engine-5.10.3.jar:5.10.3]
	at org.junit.jupiter.engine.descriptor.ClassBasedTestDescriptor.lambda$instantiateAndPostProcessTestInstance$6(ClassBasedTestDescriptor.java:290) ~[junit-jupiter-engine-5.10.3.jar:5.10.3]
	at org.junit.platform.engine.support.hierarchical.ThrowableCollector.execute(ThrowableCollector.java:73) ~[junit-platform-engine-1.10.3.jar:1.10.3]
	at org.junit.jupiter.engine.descriptor.ClassBasedTestDescriptor.instantiateAndPostProcessTestInstance(ClassBasedTestDescriptor.java:289) ~[junit-jupiter-engine-5.10.3.jar:5.10.3]
	at org.junit.jupiter.engine.descriptor.ClassBasedTestDescriptor.lambda$testInstancesProvider$4(ClassBasedTestDescriptor.java:279) ~[junit-jupiter-engine-5.10.3.jar:5.10.3]
	at java.base/java.util.Optional.orElseGet(Optional.java:364) ~[na:na]
	at org.junit.jupiter.engine.descriptor.ClassBasedTestDescriptor.lambda$testInstancesProvider$5(ClassBasedTestDescriptor.java:278) ~[junit-jupiter-engine-5.10.3.jar:5.10.3]
	at org.junit.jupiter.engine.execution.TestInstancesProvider.getTestInstances(TestInstancesProvider.java:31) ~[junit-jupiter-engine-5.10.3.jar:5.10.3]
	at org.junit.jupiter.engine.descriptor.TestMethodTestDescriptor.lambda$prepare$0(TestMethodTestDescriptor.java:106) ~[junit-jupiter-engine-5.10.3.jar:5.10.3]
	at org.junit.platform.engine.support.hierarchical.ThrowableCollector.execute(ThrowableCollector.java:73) ~[junit-platform-engine-1.10.3.jar:1.10.3]
	at org.junit.jupiter.engine.descriptor.TestMethodTestDescriptor.prepare(TestMethodTestDescriptor.java:105) ~[junit-jupiter-engine-5.10.3.jar:5.10.3]
	at org.junit.jupiter.engine.descriptor.TestMethodTestDescriptor.prepare(TestMethodTestDescriptor.java:69) ~[junit-jupiter-engine-5.10.3.jar:5.10.3]
	at org.junit.platform.engine.support.hierarchical.NodeTestTask.lambda$prepare$2(NodeTestTask.java:123) ~[junit-platform-engine-1.10.3.jar:1.10.3]
	at org.junit.platform.engine.support.hierarchical.ThrowableCollector.execute(ThrowableCollector.java:73) ~[junit-platform-engine-1.10.3.jar:1.10.3]
	at org.junit.platform.engine.support.hierarchical.NodeTestTask.prepare(NodeTestTask.java:123) ~[junit-platform-engine-1.10.3.jar:1.10.3]
	at org.junit.platform.engine.support.hierarchical.NodeTestTask.execute(NodeTestTask.java:90) ~[junit-platform-engine-1.10.3.jar:1.10.3]
	at java.base/java.util.ArrayList.forEach(ArrayList.java:1596) ~[na:na]
	at org.junit.platform.engine.support.hierarchical.SameThreadHierarchicalTestExecutorService.invokeAll(SameThreadHierarchicalTestExecutorService.java:41) ~[junit-platform-engine-1.10.3.jar:1.10.3]
	at org.junit.platform.engine.support.hierarchical.NodeTestTask.lambda$executeRecursively$6(NodeTestTask.java:155) ~[junit-platform-engine-1.10.3.jar:1.10.3]
	at org.junit.platform.engine.support.hierarchical.ThrowableCollector.execute(ThrowableCollector.java:73) ~[junit-platform-engine-1.10.3.jar:1.10.3]
	at org.junit.platform.engine.support.hierarchical.NodeTestTask.lambda$executeRecursively$8(NodeTestTask.java:141) ~[junit-platform-engine-1.10.3.jar:1.10.3]
	at org.junit.platform.engine.support.hierarchical.Node.around(Node.java:137) ~[junit-platform-engine-1.10.3.jar:1.10.3]
	at org.junit.platform.engine.support.hierarchical.NodeTestTask.lambda$executeRecursively$9(NodeTestTask.java:139) ~[junit-platform-engine-1.10.3.jar:1.10.3]
	at org.junit.platform.engine.support.hierarchical.ThrowableCollector.execute(ThrowableCollector.java:73) ~[junit-platform-engine-1.10.3.jar:1.10.3]
	at org.junit.platform.engine.support.hierarchical.NodeTestTask.executeRecursively(NodeTestTask.java:138) ~[junit-platform-engine-1.10.3.jar:1.10.3]
	at org.junit.platform.engine.support.hierarchical.NodeTestTask.execute(NodeTestTask.java:95) ~[junit-platform-engine-1.10.3.jar:1.10.3]
	at java.base/java.util.ArrayList.forEach(ArrayList.java:1596) ~[na:na]
	at org.junit.platform.engine.support.hierarchical.SameThreadHierarchicalTestExecutorService.invokeAll(SameThreadHierarchicalTestExecutorService.java:41) ~[junit-platform-engine-1.10.3.jar:1.10.3]
	at org.junit.platform.engine.support.hierarchical.NodeTestTask.lambda$executeRecursively$6(NodeTestTask.java:155) ~[junit-platform-engine-1.10.3.jar:1.10.3]
	at org.junit.platform.engine.support.hierarchical.ThrowableCollector.execute(ThrowableCollector.java:73) ~[junit-platform-engine-1.10.3.jar:1.10.3]
	at org.junit.platform.engine.support.hierarchical.NodeTestTask.lambda$executeRecursively$8(NodeTestTask.java:141) ~[junit-platform-engine-1.10.3.jar:1.10.3]
	at org.junit.platform.engine.support.hierarchical.Node.around(Node.java:137) ~[junit-platform-engine-1.10.3.jar:1.10.3]
	at org.junit.platform.engine.support.hierarchical.NodeTestTask.lambda$executeRecursively$9(NodeTestTask.java:139) ~[junit-platform-engine-1.10.3.jar:1.10.3]
	at org.junit.platform.engine.support.hierarchical.ThrowableCollector.execute(ThrowableCollector.java:73) ~[junit-platform-engine-1.10.3.jar:1.10.3]
	at org.junit.platform.engine.support.hierarchical.NodeTestTask.executeRecursively(NodeTestTask.java:138) ~[junit-platform-engine-1.10.3.jar:1.10.3]
	at org.junit.platform.engine.support.hierarchical.NodeTestTask.execute(NodeTestTask.java:95) ~[junit-platform-engine-1.10.3.jar:1.10.3]
	at org.junit.platform.engine.support.hierarchical.SameThreadHierarchicalTestExecutorService.submit(SameThreadHierarchicalTestExecutorService.java:35) ~[junit-platform-engine-1.10.3.jar:1.10.3]
	at org.junit.platform.engine.support.hierarchical.HierarchicalTestExecutor.execute(HierarchicalTestExecutor.java:57) ~[junit-platform-engine-1.10.3.jar:1.10.3]
	at org.junit.platform.engine.support.hierarchical.HierarchicalTestEngine.execute(HierarchicalTestEngine.java:54) ~[junit-platform-engine-1.10.3.jar:1.10.3]
	at org.junit.platform.launcher.core.EngineExecutionOrchestrator.execute(EngineExecutionOrchestrator.java:198) ~[junit-platform-launcher-1.10.3.jar:1.10.3]
	at org.junit.platform.launcher.core.EngineExecutionOrchestrator.execute(EngineExecutionOrchestrator.java:169) ~[junit-platform-launcher-1.10.3.jar:1.10.3]
	at org.junit.platform.launcher.core.EngineExecutionOrchestrator.execute(EngineExecutionOrchestrator.java:93) ~[junit-platform-launcher-1.10.3.jar:1.10.3]
	at org.junit.platform.launcher.core.EngineExecutionOrchestrator.lambda$execute$0(EngineExecutionOrchestrator.java:58) ~[junit-platform-launcher-1.10.3.jar:1.10.3]
	at org.junit.platform.launcher.core.EngineExecutionOrchestrator.withInterceptedStreams(EngineExecutionOrchestrator.java:141) ~[junit-platform-launcher-1.10.3.jar:1.10.3]
	at org.junit.platform.launcher.core.EngineExecutionOrchestrator.execute(EngineExecutionOrchestrator.java:57) ~[junit-platform-launcher-1.10.3.jar:1.10.3]
	at org.junit.platform.launcher.core.DefaultLauncher.execute(DefaultLauncher.java:103) ~[junit-platform-launcher-1.10.3.jar:1.10.3]
	at org.junit.platform.launcher.core.DefaultLauncher.execute(DefaultLauncher.java:85) ~[junit-platform-launcher-1.10.3.jar:1.10.3]
	at org.junit.platform.launcher.core.DelegatingLauncher.execute(DelegatingLauncher.java:47) ~[junit-platform-launcher-1.10.3.jar:1.10.3]
	at org.apache.maven.surefire.junitplatform.LazyLauncher.execute(LazyLauncher.java:56) ~[surefire-junit-platform-3.1.2.jar:3.1.2]
	at org.apache.maven.surefire.junitplatform.JUnitPlatformProvider.execute(JUnitPlatformProvider.java:184) ~[surefire-junit-platform-3.1.2.jar:3.1.2]
	at org.apache.maven.surefire.junitplatform.JUnitPlatformProvider.invokeAllTests(JUnitPlatformProvider.java:148) ~[surefire-junit-platform-3.1.2.jar:3.1.2]
	at org.apache.maven.surefire.junitplatform.JUnitPlatformProvider.invoke(JUnitPlatformProvider.java:122) ~[surefire-junit-platform-3.1.2.jar:3.1.2]
	at org.apache.maven.surefire.booter.ForkedBooter.runSuitesInProcess(ForkedBooter.java:385) ~[surefire-booter-3.1.2.jar:3.1.2]
	at org.apache.maven.surefire.booter.ForkedBooter.execute(ForkedBooter.java:162) ~[surefire-booter-3.1.2.jar:3.1.2]
	at org.apache.maven.surefire.booter.ForkedBooter.run(ForkedBooter.java:507) ~[surefire-booter-3.1.2.jar:3.1.2]
	at org.apache.maven.surefire.booter.ForkedBooter.main(ForkedBooter.java:495) ~[surefire-booter-3.1.2.jar:3.1.2]

]]></system-out>
  </testcase>
</testsuite>