<?xml version="1.0" encoding="UTF-8"?>
<testsuite xmlns:xsi="http://www.w3.org/2001/XMLSchema-instance" xsi:noNamespaceSchemaLocation="https://maven.apache.org/surefire/maven-surefire-plugin/xsd/surefire-test-report-3.0.xsd" version="3.0" name="com.hmall.service.impl.HutoolTest" time="0.093" tests="1" errors="0" skipped="0" failures="0">
  <properties>
[...]
</properties>
  <testcase name="name" classname="com.hmall.service.impl.HutoolTest" time="0.072">
    <system-out><![CDATA[user2 = HutoolTest.User2(id=1, name=jack)
]]></system-out>
  </testcase>
</testsuite>